real main.em.dem.res.convergence(t) = [1971, 
0,
1972, 
0,
1973, 
0,
1974, 
0,
1975, 
0,
1976, 
0,
1977, 
0,
1978, 
0,
1979, 
0,
1980, 
0,
1981, 
0,
1982, 
0,
1983, 
0,
1984, 
0,
1985, 
0,
1986, 
0,
1987, 
0,
1988, 
0,
1989, 
0,
1990, 
0,
1991, 
0,
1992, 
0,
1993, 
0,
1994, 
0,
1995, 
0,
1996, 
0,
1997, 
0,
1998, 
0,
1999, 
0,
2000, 
0,
2001, 
0,
2002, 
0,
2003, 
0,
2004, 
0,
2005, 
0,
2006, 
0,
2007, 
0,
2008, 
0,
2009, 
0,
2010, 
0,
2011, 
0,
2012, 
0,
2013, 
0,
2014, 
0,
2015, 
0,
2016, 
0,
2017, 
0,
2018, 
0,
2019, 
0,
2020, 
0,
2021, 
0.2,
2022, 
0.4,
2023, 
0.6,
2024, 
0.8,
2025, 
1,
2026, 
1,
2027, 
1,
2028, 
1,
2029, 
1,
2030, 
1,
2031, 
1,
2032, 
1,
2033, 
1,
2034, 
1,
2035, 
1,
2036, 
1,
2037, 
1,
2038, 
1,
2039, 
1,
2040, 
1,
2041, 
1,
2042, 
1,
2043, 
1,
2044, 
1,
2045, 
1,
2046, 
1,
2047, 
1,
2048, 
1,
2049, 
1,
2050, 
1,
2051, 
1,
2052, 
1,
2053, 
1,
2054, 
1,
2055, 
1,
2056, 
1,
2057, 
1,
2058, 
1,
2059, 
1,
2060, 
1,
2061, 
1,
2062, 
1,
2063, 
1,
2064, 
1,
2065, 
1,
2066, 
1,
2067, 
1,
2068, 
1,
2069, 
1,
2070, 
1,
2071, 
1,
2072, 
1,
2073, 
1,
2074, 
1,
2075, 
1,
2076, 
1,
2077, 
1,
2078, 
1,
2079, 
1,
2080, 
1,
2081, 
1,
2082, 
1,
2083, 
1,
2084, 
1,
2085, 
1,
2086, 
1,
2087, 
1,
2088, 
1,
2089, 
1,
2090, 
1,
2091, 
1,
2092, 
1,
2093, 
1,
2094, 
1,
2095, 
1,
2096, 
1,
2097, 
1,
2098, 
1,
2099, 
1,
2100, 
1];
