real main.em.dem.res.OutageFactor[27](t) = [1971, 
1,
1,
0.9,
0.7,
0.9,
0.92,
0.7,
0.6,
0.4,
1,
1,
0.95,
0.2,
1,
0.75,
1,
1,
0.2,
0.92,
0.21,
0.3,
0.2,
0.94,
1,
0.2,
1,
1,
1981, 
1,
1,
0.9,
0.7,
0.94,
1,
0.83,
0.9,
0.85,
1,
1,
1,
0.6,
1,
0.92,
1,
1,
0.52,
1,
0.225,
0.62,
0.43,
1,
1,
0.2,
1,
1,
1991, 
1,
1,
0.9,
0.7,
0.94,
1,
1,
0.9,
0.9,
1,
1,
1,
0.82,
1,
1,
1,
1,
1,
1,
0.27,
0.8,
0.93,
1,
1,
0.67,
1,
1,
2001, 
1,
1,
0.9,
0.7,
0.94,
1,
1,
0.9,
0.9,
1,
1,
1,
1,
1,
1,
1,
1,
1,
1,
0.35,
1,
1,
1,
1,
1,
1,
1,
2011, 
1,
1,
1,
0.8,
1,
1,
1,
1,
1,
1,
1,
1,
1,
1,
1,
1,
1,
1,
1,
0.5,
1,
1,
1,
1,
1,
1,
1,
2021, 
1,
1,
1,
1,
1,
1,
1,
1,
1,
1,
1,
1,
1,
1,
1,
1,
1,
1,
1,
0.65,
1,
1,
1,
1,
1,
1,
1,
2031, 
1,
1,
1,
1,
1,
1,
1,
1,
1,
1,
1,
1,
1,
1,
1,
1,
1,
1,
1,
0.8,
1,
1,
1,
1,
1,
1,
1,
2041, 
1,
1,
1,
1,
1,
1,
1,
1,
1,
1,
1,
1,
1,
1,
1,
1,
1,
1,
1,
0.9,
1,
1,
1,
1,
1,
1,
1,
2050, 
1,
1,
1,
1,
1,
1,
1,
1,
1,
1,
1,
1,
1,
1,
1,
1,
1,
1,
1,
1,
1,
1,
1,
1,
1,
1,
1];
