real main.em.dem.res.appl.PriceSecFuel[27](t) = [1971, 
2.8,
15.06952,
2.8,
28.06455,
28.87198,
13.89457,
7.131866,
2.8,
29.22175,
4.828691,
34.59973,
25.6132,
20.42242,
2.8,
5.819735,
8.115038,
2.8,
2.8,
16.09821,
9.260393,
13.45058,
2.8,
28.03339,
23.63797,
2.8,
21.03381,
2.8,
1972, 
6.903061,
20.38448,
2.8,
26.27039,
25.06325,
16.62724,
16.62981,
2.8,
27.16761,
8.797541,
39.62562,
34.00491,
29.79127,
2.8,
23.53297,
17.38157,
2.8,
2.8,
33.79661,
6.537907,
12.92335,
42.65506,
37.12075,
35.76004,
4.60655,
31.18524,
2.8,
1973, 
6.386423,
18.40945,
2.8,
23.63225,
23.58232,
11.82141,
13.19813,
2.8,
25.3881,
7.087957,
38.35207,
32.86475,
26.79741,
2.8,
24.0272,
16.61407,
2.8,
2.8,
29.21161,
5.101231,
9.815501,
23.74772,
30.60959,
32.1703,
2.8,
30.15191,
2.8,
1974, 
7.425961,
19.04655,
2.8,
24.20669,
28.76745,
12.96295,
13.235,
2.8,
31.09514,
7.849253,
38.87008,
32.38092,
29.19738,
2.8,
17.53551,
18.16933,
2.8,
3.379656,
34.36296,
9.531956,
11.25527,
31.89701,
33.09165,
32.84435,
2.8,
35.38754,
2.8,
1975, 
8.645929,
21.0289,
2.8,
25.61028,
31.81065,
14.09894,
13.0379,
2.8,
33.78828,
8.63331,
39.5673,
31.67496,
29.76053,
2.8,
13.48293,
18.54303,
2.8,
6.159752,
34.85694,
12.3602,
12.94423,
29.23812,
34.40667,
33.73179,
2.8,
44.18745,
2.8,
1976, 
11.73797,
24.91768,
2.8,
28.29021,
32.78407,
15.87126,
11.86119,
2.8,
34.89507,
9.416948,
41.54807,
31.92105,
38.73284,
2.8,
10.9376,
20.2007,
2.8,
6.407993,
35.14745,
12.42776,
12.89581,
34.4961,
35.45403,
33.80775,
2.8,
40.83253,
2.8,
1977, 
12.33386,
25.48043,
2.8,
29.29436,
32.67793,
16.96424,
11.16106,
2.8,
37.91429,
10.12543,
41.99037,
30.87313,
42.27346,
2.8,
5.135065,
20.73875,
2.8,
6.274601,
33.51398,
13.27837,
13.31545,
49.73112,
35.10466,
34.82355,
4.137918,
44.65978,
2.8,
1978, 
13.2638,
26.80051,
2.8,
30.29555,
32.54152,
16.20564,
11.55755,
2.8,
39.4791,
11.48005,
43.13482,
30.13833,
40.94524,
2.8,
2.8,
20.26785,
2.8,
7.015049,
34.16097,
13.3536,
13.67813,
50.70963,
34.60401,
35.99249,
6.614201,
42.75677,
2.8,
1979, 
12.60503,
26.86057,
2.8,
30.91659,
30.77462,
15.34317,
11.52209,
2.8,
37.00426,
10.45144,
42.1614,
28.86924,
40.80275,
2.8,
2.8,
17.88919,
2.8,
5.290432,
33.46738,
11.98573,
13.30451,
37.80725,
34.92002,
35.34474,
5.429869,
41.18916,
2.8,
1980, 
12.54337,
27.04088,
2.8,
31.11325,
29.57441,
14.24037,
10.23311,
2.8,
35.11839,
11.2534,
41.75658,
28.29256,
41.85992,
2.8,
2.8,
16.99251,
2.8,
6.185928,
31.81057,
12.06649,
14.19295,
34.85208,
36.27821,
35.52817,
3.541849,
38.54528,
2.8,
1981, 
13.27293,
27.77774,
4.539497,
37.3638,
32.19838,
17.9786,
15.6058,
2.8,
42.59279,
11.79389,
44.8815,
26.83344,
43.78598,
2.8,
2.8,
16.68285,
8.892523,
6.951168,
34.85819,
12.75655,
21.10931,
35.27904,
41.02914,
36.52402,
5.723461,
44.62911,
2.8,
1982, 
13.56065,
28.76592,
7.99765,
41.11043,
34.26719,
21.10011,
22.37859,
4.710545,
47.77334,
11.66236,
46.84076,
27.56682,
45.20135,
2.8,
2.8,
16.27327,
12.24767,
7.649101,
36.92334,
13.99989,
26.91819,
39.26368,
43.90517,
37.04973,
8.727787,
44.43029,
2.8,
1983, 
13.57395,
30.08428,
7.094791,
42.14515,
33.23359,
21.60011,
21.48972,
4.248863,
47.79177,
12.48579,
47.45662,
26.96768,
43.58733,
2.8,
3.220955,
15.93657,
10.60678,
7.90094,
36.86992,
13.5679,
27.67314,
38.5008,
44.31877,
37.29251,
9.462902,
44.21619,
2.8,
1984, 
14.02267,
30.6445,
6.363186,
43.46262,
32.30991,
22.22847,
20.14124,
7.271591,
46.01278,
13.25203,
48.11159,
27.94113,
43.10738,
2.8,
3.692028,
15.01739,
8.886625,
8.099243,
39.68791,
13.48236,
27.80624,
39.6526,
43.24469,
37.75502,
10.11714,
44.08805,
2.8,
1985, 
14.16396,
30.9715,
5.085167,
42.8557,
33.75601,
21.90642,
19.42375,
10.29543,
43.68597,
14.12142,
49.61481,
27.93502,
41.98887,
2.8,
3.588259,
13.61745,
6.585222,
7.161522,
37.89658,
13.48124,
26.65428,
37.94858,
44.09181,
37.66377,
8.469074,
45.70268,
2.8,
1986, 
14.35612,
32.13233,
5.221584,
43.86316,
33.22649,
21.39305,
19.3079,
8.183525,
42.57277,
15.73166,
51.28763,
28.71248,
41.37956,
2.8,
3.704485,
12.97521,
6.421877,
7.550674,
39.01226,
14.06919,
25.91422,
36.98398,
44.54471,
37.91185,
8.548389,
44.37381,
2.8,
1987, 
15.19462,
32.90777,
5.622013,
43.72471,
33.65844,
20.36675,
15.75108,
6.062737,
40.86628,
15.28985,
51.87621,
28.8625,
39.94537,
2.8,
3.724506,
13.01922,
6.557798,
7.383465,
42.10426,
13.43589,
25.02518,
34.6473,
44.05623,
37.4578,
6.790546,
44.40305,
2.8,
1988, 
15.47569,
32.9584,
2.8,
39.41805,
34.65528,
18.02877,
12.13943,
3.178211,
37.96731,
15.66798,
51.64616,
29.85564,
36.93925,
2.8,
3.662216,
12.02115,
3.4681,
7.540207,
40.20383,
12.76762,
21.74324,
27.43676,
40.92482,
36.98852,
6.319744,
44.66143,
2.8,
1989, 
15.78988,
32.9587,
3.267971,
40.93427,
34.69543,
18.21197,
11.66226,
4.474686,
39.80853,
15.54827,
52.00705,
30.16519,
37.16542,
2.8,
3.348473,
11.06121,
4.899141,
6.931828,
38.01342,
12.65959,
21.48965,
24.76639,
41.32311,
35.83615,
5.696728,
42.89526,
2.8,
1990, 
16.37593,
34.00029,
2.8,
39.87337,
34.51777,
17.83376,
10.14151,
2.8,
39.24534,
15.96363,
51.53001,
29.96949,
35.29215,
2.8,
3.37829,
11.01174,
4.278269,
6.574104,
36.78453,
12.90677,
19.96666,
20.47667,
39.88576,
34.81802,
5.060976,
44.31511,
2.8,
1991, 
17.28848,
33.96556,
5.535145,
39.8306,
35.43657,
17.37762,
9.227883,
5.292107,
38.10767,
16.5539,
51.50887,
32.52525,
36.15528,
2.8,
3.198277,
10.28314,
4.510275,
6.095558,
35.27548,
13.65024,
20.74979,
18.71215,
39.59283,
33.2029,
6.673321,
41.90245,
2.8,
1992, 
17.13917,
32.91132,
7.095661,
41.9513,
35.05643,
17.66871,
9.052224,
5.320927,
39.07289,
17.39365,
51.38959,
33.98703,
38.78193,
2.8,
2.854059,
9.624029,
5.579294,
5.845398,
34.87544,
13.35846,
22.51508,
18.92552,
40.53094,
32.41162,
7.583897,
40.58301,
2.8,
1993, 
16.87598,
33.22683,
5.63353,
40.7374,
35.10681,
17.26686,
8.538592,
2.90789,
37.00672,
19.86653,
50.74282,
34.53418,
35.02248,
2.8,
3.387041,
9.294273,
3.267252,
5.78834,
33.57782,
13.44469,
21.24109,
17.63812,
39.69487,
32.0521,
6.012814,
42.59749,
2.8,
1994, 
17.83316,
32.53339,
5.733486,
41.68258,
35.35527,
16.73549,
9.068952,
2.8,
37.49987,
19.82994,
50.6021,
35.56026,
33.97639,
2.8,
3.005033,
9.411003,
2.811552,
6.352707,
33.23578,
13.64362,
21.29704,
17.77025,
40.29726,
31.25739,
6.373203,
39.89013,
2.8,
1995, 
17.53286,
31.96178,
4.661427,
41.79307,
35.50695,
16.1797,
9.1386,
2.8,
35.86811,
19.55382,
50.35098,
35.32661,
33.44375,
3.19838,
3.177544,
10.0386,
2.8,
5.941813,
32.24722,
14.15699,
19.7034,
16.36324,
39.39704,
30.88985,
6.07954,
40.17708,
2.8,
1996, 
17.99711,
31.38878,
5.415218,
41.2232,
35.19394,
15.57834,
9.222592,
2.8,
35.07653,
19.31191,
49.93498,
35.59848,
32.10344,
4.41066,
2.8,
10.05808,
2.8,
6.246822,
33.22972,
14.61981,
18.49395,
16.03861,
39.08061,
30.47853,
5.303972,
42.68774,
2.8,
1997, 
18.20997,
30.62964,
5.592216,
41.16302,
34.89959,
15.16981,
8.912126,
2.8,
35.18642,
17.69554,
49.41151,
35.98557,
31.85724,
6.38121,
2.8,
10.54671,
2.8,
7.086483,
32.92582,
14.94274,
17.83651,
14.91633,
39.22874,
30.35209,
5.25337,
43.30487,
2.8,
1998, 
18.63292,
29.9269,
5.416599,
41.57248,
34.51111,
15.52259,
8.796683,
2.8,
35.65136,
17.0889,
48.93915,
36.84424,
31.51945,
7.082344,
3.881474,
11.38095,
2.8,
6.959221,
32.34555,
15.08502,
17.8944,
14.7128,
39.95909,
30.21926,
6.756855,
41.04436,
2.8,
1999, 
19.49851,
28.92526,
5.291779,
40.84913,
33.27121,
16.21155,
7.773273,
5.060219,
35.19614,
17.70746,
47.94937,
37.68846,
30.88479,
8.433197,
8.037344,
12.00239,
2.8,
6.64238,
33.0481,
16.07685,
18.50764,
16.19526,
39.46418,
30.00799,
6.557003,
37.84746,
2.8,
2000, 
19.51334,
28.20081,
3.195469,
36.97676,
32.43266,
16.38162,
7.0255,
4.493935,
33.10915,
17.47155,
46.37936,
38.31042,
29.51416,
9.029564,
11.55314,
12.49207,
2.8,
7.538433,
31.27691,
16.59203,
17.54099,
14.56736,
37.78686,
29.70582,
4.454531,
34.95177,
2.8,
2001, 
19.38961,
27.87185,
4.293869,
38.18563,
33.09598,
16.82827,
6.900893,
6.048805,
36.33323,
16.88854,
46.33356,
38.06094,
29.81149,
10.1291,
15.19834,
13.38401,
2.8,
8.748283,
28.5316,
16.95956,
17.52425,
12.45015,
38.30087,
29.49145,
5.958057,
35.75971,
2.8,
2002, 
20.1448,
28.62999,
9.134594,
41.26197,
35.61432,
18.44427,
8.942033,
10.09974,
40.98802,
16.14049,
47.57143,
38.23904,
33.53554,
12.3915,
18.66496,
15.36556,
2.8,
9.806194,
28.26087,
17.6309,
20.05354,
12.89206,
39.78062,
29.05482,
9.59399,
37.69572,
2.8,
2003, 
19.69579,
28.5009,
8.998081,
40.29922,
34.62315,
18.98238,
7.612084,
9.711807,
39.56818,
14.14021,
47.0097,
38.78036,
32.21404,
12.53008,
21.01947,
15.6541,
2.8,
8.340382,
27.68218,
19.13339,
19.7038,
11.85617,
38.37548,
28.32633,
8.729885,
36.58901,
2.8,
2004, 
18.91537,
26.9958,
9.253021,
39.30639,
33.8743,
18.03694,
5.814317,
9.731304,
39.57096,
12.09168,
47.18172,
39.28364,
30.64784,
10.79913,
19.82624,
15.43309,
2.8,
6.358246,
24.6621,
19.10463,
17.99194,
10.05881,
37.59995,
27.54277,
6.9856,
35.54082,
2.8,
2005, 
18.64868,
26.9375,
9.77903,
41.01814,
34.04314,
18.01353,
10.9165,
9.239975,
40.945,
13.20731,
48.10186,
39.16613,
31.48145,
10.39606,
19.72329,
15.65575,
2.8,
7.894699,
23.69568,
18.97478,
18.94827,
10.43804,
37.51376,
28.84019,
8.020489,
34.8522,
2.8,
2006, 
18.75883,
28.08027,
13.67208,
43.71455,
34.40201,
18.32,
11.20433,
9.450691,
43.62034,
16.79426,
49.6952,
40.99463,
34.2454,
10.65731,
18.01165,
16.66938,
4.635141,
12.5306,
24.60715,
20.33014,
20.52187,
12.30227,
39.56801,
32.60083,
9.768063,
37.62543,
2.8,
2007, 
19.4283,
27.92361,
17.70063,
47.19397,
34.92062,
19.3024,
17.42879,
12.93045,
48.73398,
15.70716,
49.8995,
40.67476,
36.27118,
7.679955,
16.96877,
16.59861,
11.98415,
12.10933,
25.31023,
21.31406,
22.34413,
13.50344,
40.32967,
31.91351,
12.58826,
39.92625,
2.8,
2008, 
18.55561,
26.62085,
21.27794,
50.96944,
34.1194,
20.84583,
13.67653,
14.21367,
52.93316,
14.68564,
50.94347,
40.53476,
37.66537,
6.093353,
16.8423,
15.6474,
9.922174,
12.90778,
25.7472,
20.99281,
24.96907,
14.50117,
40.27382,
31.33163,
15.46473,
41.06544,
2.8,
2009, 
18.29986,
25.21727,
26.04599,
53.98225,
34.37167,
20.82395,
15.20975,
16.12438,
55.92423,
17.50162,
53.12299,
40.24963,
38.63445,
5.294769,
18.93177,
15.55203,
13.17499,
14.32969,
27.44081,
22.18008,
26.19772,
14.42986,
40.99026,
31.64797,
18.11577,
41.9062,
2.8,
2010, 
20.69549,
30.57431,
36.24508,
62.5132,
35.81479,
24.80253,
20.79313,
22.69524,
66.80225,
27.37748,
57.94539,
44.60678,
48.89923,
10.34055,
21.3368,
17.29163,
23.05109,
26.41097,
33.79559,
28.34719,
33.08345,
23.77822,
45.61092,
39.34815,
27.32788,
52.27228,
2.8,
2011, 
18.29503,
24.94136,
24.26134,
52.4399,
34.24427,
22.03575,
9.367896,
16.39811,
53.23681,
16.86171,
55.31512,
42.61956,
40.68448,
4.188614,
16.55318,
13.87555,
6.955015,
14.48752,
28.49969,
25.47546,
25.70007,
13.95132,
39.57762,
30.63908,
16.31044,
41.06345,
2.8,
2012, 
17.8191,
25.14544,
27.09763,
57.58049,
35.19648,
22.90673,
10.55909,
15.83057,
55.13285,
17.62749,
58.81734,
44.86238,
41.95868,
4.641991,
15.2836,
13.54391,
9.526068,
16.874,
29.904,
28.33353,
26.43292,
14.94691,
41.27623,
31.96972,
18.85193,
43.28873,
2.8,
2013, 
18.11171,
26.63825,
30.63935,
63.91319,
36.9426,
25.17273,
12.04729,
21.51301,
57.36518,
21.71289,
61.76609,
47.85292,
44.4325,
6.189857,
15.55156,
13.36253,
13.39464,
21.02452,
32.68412,
30.33875,
30.09063,
16.85436,
43.69818,
34.78094,
25.87207,
46.85838,
2.8,
2014, 
17.37363,
25.40341,
33.23284,
63.95403,
37.05496,
25.01823,
11.72639,
23.71671,
57.26885,
19.13649,
61.72182,
47.24358,
43.56653,
5.013626,
14.58996,
12.04669,
12.70376,
16.85183,
31.3349,
28.58567,
29.43261,
13.76241,
43.72093,
32.30272,
24.83895,
45.12539,
2.8,
2015, 
17.88824,
25.84666,
34.72361,
65.68245,
38.07085,
26.8834,
11.23913,
24.91177,
54.8033,
20.09834,
62.63948,
47.62908,
44.13948,
5.208145,
13.54578,
12.26415,
10.54448,
15.68097,
31.04853,
27.06313,
29.37423,
13.54562,
42.90862,
31.66325,
24.15127,
44.51003,
2.8,
2016, 
18.90082,
26.95346,
28.27142,
63.19231,
38.65337,
27.02744,
12.9016,
23.16711,
51.95428,
19.6918,
63.00025,
48.58465,
42.90554,
7.167198,
13.16587,
13.12785,
8.9741,
13.69751,
31.50661,
26.32485,
27.1431,
12.4036,
43.17801,
31.11464,
22.08762,
42.97544,
2.8,
2017, 
17.04994,
25.77562,
16.09888,
52.15866,
37.00275,
25.64489,
9.932412,
18.50545,
44.82424,
17.69882,
62.73383,
47.20843,
40.47868,
8.44735,
11.68753,
12.47052,
4.320879,
11.89474,
30.6204,
24.92727,
23.90012,
9.94265,
41.09849,
29.93635,
16.86032,
37.32386,
2.8,
2018, 
17.02793,
25.87756,
11.29179,
49.93194,
36.62435,
24.82802,
10.16294,
16.82776,
42.31683,
18.01142,
63.10184,
46.19552,
39.37331,
9.848709,
11.59167,
12.75305,
3.748568,
12.47038,
31.06671,
25.39045,
22.15323,
10.1235,
40.04798,
30.23151,
13.30603,
36.52338,
2.8,
2019, 
17.26176,
25.87496,
10.10216,
49.9339,
36.48325,
24.52882,
10.55106,
17.13535,
43.22709,
18.31692,
63.28017,
45.38089,
38.81264,
11.12684,
11.55061,
12.96309,
3.908003,
12.95401,
31.30848,
25.96408,
21.71181,
10.12057,
40.45013,
31.31205,
12.1165,
37.7757,
2.8,
2020, 
17.49233,
25.87395,
9.40202,
50.12885,
36.17426,
24.42226,
10.22671,
17.04946,
43.09824,
18.55142,
63.41869,
44.70029,
37.79385,
14.61609,
11.55853,
13.20885,
4.023016,
13.00771,
31.85078,
26.34663,
21.62875,
9.479362,
40.51532,
32.41858,
10.77826,
37.89241,
2.8,
2021, 
17.68737,
25.99199,
8.402918,
50.35362,
36.05296,
24.5575,
10.1016,
17.32434,
42.33114,
19.16118,
62.80626,
43.92772,
37.25238,
16.66161,
12.76289,
13.52474,
4.356997,
13.7116,
31.73657,
26.9957,
21.49998,
9.757463,
40.67131,
32.47318,
10.5045,
36.44894,
2.8,
2022, 
18.16369,
26.46433,
7.91707,
50.40156,
36.09369,
25.10625,
10.4567,
18.29605,
42.05268,
19.73804,
62.37563,
44.01807,
37.25881,
17.09878,
13.19385,
14.09932,
4.714647,
14.126,
31.60165,
27.15581,
21.76228,
9.861893,
40.81837,
32.46221,
10.62099,
35.74193,
2.8,
2023, 
18.50721,
27.55139,
7.935604,
50.69423,
36.1372,
25.78723,
10.75483,
18.86361,
41.38992,
20.37134,
62.4152,
43.8952,
37.42955,
18.10896,
13.64809,
14.57888,
5.318413,
14.41687,
31.50942,
27.3417,
21.98988,
9.614397,
41.07166,
33.01569,
10.94841,
35.52608,
2.8,
2024, 
18.80557,
28.37748,
8.776184,
51.03043,
36.30066,
26.40276,
10.96593,
19.36785,
40.59162,
21.12122,
62.43621,
43.83163,
37.67382,
19.21383,
14.27353,
15.02297,
5.984283,
14.93254,
31.35773,
27.62849,
22.45861,
9.919571,
41.29585,
33.41153,
11.56758,
35.48267,
2.8,
2025, 
19.09197,
28.89928,
9.814936,
51.07166,
36.4497,
26.85154,
11.12068,
19.68597,
40.37893,
21.79604,
62.55032,
43.29859,
37.79892,
20.04742,
14.73964,
15.5886,
6.527658,
15.29471,
31.22153,
27.78955,
22.74574,
10.27462,
41.45375,
33.44871,
12.06769,
35.52088,
2.8,
2026, 
19.32543,
29.59569,
10.9143,
51.10899,
36.68134,
27.01166,
11.18466,
19.76276,
40.33713,
22.21483,
62.77048,
43.07099,
37.89575,
20.41084,
14.92708,
16.15918,
6.936756,
15.55847,
31.15248,
27.90753,
22.92191,
10.44723,
41.67607,
33.66462,
12.42744,
35.53049,
2.8,
2027, 
19.61525,
30.26268,
11.66869,
51.07092,
36.80491,
26.80154,
10.98061,
19.56891,
40.61004,
22.51406,
63.06375,
42.9669,
37.98779,
20.52019,
15.04301,
16.90373,
6.997559,
15.75861,
31.21016,
27.93845,
22.89645,
10.50172,
41.88578,
33.85415,
12.47639,
35.19432,
2.8,
2028, 
19.6138,
30.41016,
12.03424,
50.83335,
36.77849,
26.42868,
10.64805,
19.25616,
40.89903,
22.67538,
63.11501,
42.58601,
37.85426,
20.04096,
15.38961,
17.5036,
6.812212,
16.01809,
31.20549,
27.97824,
22.82801,
10.60634,
41.94132,
33.81401,
12.33728,
34.84176,
2.8,
2029, 
19.65695,
30.69299,
12.34075,
50.6741,
36.76446,
26.04403,
10.45214,
18.86744,
40.61458,
22.9755,
63.14177,
42.40573,
37.71534,
19.6009,
15.52153,
17.9688,
6.601822,
15.98051,
31.25243,
27.93163,
22.68074,
10.67329,
42.00831,
33.7547,
12.12896,
34.55435,
2.8,
2030, 
19.74177,
30.98632,
12.44862,
50.50392,
36.75686,
25.64169,
10.18642,
18.40198,
40.6416,
23.31606,
63.02256,
42.29776,
37.57534,
19.17366,
15.70305,
18.29772,
6.291197,
16.04051,
31.28966,
27.87469,
22.67349,
10.88977,
42.15397,
33.6885,
11.93115,
34.41106,
2.8,
2031, 
19.73384,
31.01083,
12.43864,
50.31264,
36.8221,
25.4861,
9.885672,
17.88341,
40.3401,
23.63597,
62.56717,
42.08937,
37.33399,
18.75225,
15.58017,
18.26479,
6.035074,
16.04128,
31.38122,
27.7948,
22.60428,
11.23609,
42.21931,
33.74432,
11.75515,
34.25627,
2.8,
2032, 
19.66702,
30.97348,
12.33683,
50.07714,
36.93739,
25.46024,
9.625654,
17.42736,
40.36499,
24.03875,
62.00597,
41.87165,
37.13515,
18.35525,
15.44452,
18.18481,
5.708549,
16.1013,
31.45052,
27.8063,
22.566,
11.67079,
42.31935,
33.78496,
11.57887,
34.3159,
2.8,
2033, 
19.55857,
30.76912,
12.24073,
49.86676,
37.15178,
25.45783,
9.369272,
16.92815,
40.22264,
24.45877,
61.27011,
41.74414,
36.93652,
17.97344,
15.12952,
18.35193,
5.338179,
16.1565,
31.48724,
27.87024,
22.46752,
11.99326,
42.43385,
33.83574,
11.41189,
34.37905,
2.8,
2034, 
19.57885,
30.73556,
12.1805,
49.6602,
37.29712,
25.36313,
9.14261,
16.06717,
40.51947,
24.85315,
60.65365,
41.34924,
36.8017,
17.56031,
15.12915,
18.51847,
4.991436,
16.20768,
31.47247,
27.88525,
22.42981,
12.3259,
42.51593,
33.91357,
11.29089,
34.60299,
2.8,
2035, 
19.58857,
30.70958,
12.25898,
49.43279,
37.47611,
25.23103,
8.8936,
15.4703,
40.56681,
25.21952,
59.73206,
40.90884,
36.61955,
17.3065,
14.84258,
18.39298,
4.707224,
16.23165,
31.49221,
27.91278,
22.37363,
12.53854,
42.5426,
33.98763,
11.17479,
34.77062,
2.8,
2036, 
19.63108,
30.74828,
12.41269,
49.13907,
37.55095,
25.04881,
8.661021,
15.10948,
40.76385,
25.55441,
58.97102,
40.41222,
36.48534,
16.94092,
14.43159,
18.21521,
4.491903,
16.20363,
31.4544,
27.87136,
22.36019,
12.65551,
42.60229,
34.06974,
11.04054,
35.06098,
2.8,
2037, 
19.89417,
30.67951,
12.67021,
48.84108,
37.70122,
25.01863,
8.536857,
14.82925,
40.81196,
25.98617,
57.97686,
40.15111,
36.38759,
16.74851,
14.23823,
18.20241,
4.498707,
16.25368,
31.48516,
27.89455,
22.42284,
12.79641,
42.68732,
34.08438,
10.95888,
35.2496,
2.8,
2038, 
20.16543,
30.60242,
12.9465,
48.5132,
37.82469,
25.05246,
8.43882,
14.44314,
40.86438,
26.38952,
57.48395,
39.90867,
36.24172,
16.47584,
14.16076,
17.70403,
4.688595,
16.30408,
31.44094,
27.88204,
22.50766,
13.04169,
42.7464,
34.10069,
10.94968,
35.50553,
2.8,
2039, 
20.35165,
30.42516,
13.13369,
48.05704,
37.91206,
25.04624,
8.339882,
14.0681,
40.65601,
26.79588,
56.81148,
39.95207,
36.09488,
16.25845,
13.95483,
17.50801,
4.941502,
16.37539,
31.36203,
27.80395,
22.57169,
13.31041,
42.7044,
34.18901,
10.8645,
35.61405,
2.8,
2040, 
20.49636,
30.25581,
13.35321,
47.70427,
37.90907,
25.03418,
8.348618,
13.72005,
40.33154,
27.11046,
56.68967,
39.99662,
36.00185,
15.96904,
13.92138,
17.1809,
5.256399,
16.4298,
31.25949,
27.72484,
22.59558,
13.54011,
42.4555,
34.20338,
10.78558,
35.78176,
2.8,
2041, 
20.76816,
30.10042,
13.66172,
47.30317,
37.94215,
24.9969,
8.438423,
13.55816,
39.89072,
27.55647,
56.11419,
39.96455,
35.89948,
15.1891,
13.66087,
16.95965,
5.557444,
16.46966,
31.11746,
27.60912,
22.60492,
13.73727,
42.0498,
34.09835,
10.70268,
35.8262,
2.8,
2042, 
21.01128,
30.09559,
13.93759,
47.073,
37.91636,
25.0005,
8.54353,
13.91581,
39.77149,
28.00732,
56.08232,
39.86101,
35.77196,
14.56724,
13.64524,
16.57371,
5.795988,
16.56952,
31.00155,
27.49279,
22.63737,
13.93382,
41.9916,
33.95069,
10.69031,
35.90732,
2.8,
2043, 
21.29174,
30.15228,
14.06437,
46.8396,
37.99469,
25.01876,
8.649772,
13.94698,
39.47215,
28.36651,
55.64853,
39.54856,
35.38942,
13.9389,
13.59498,
16.80059,
5.892817,
16.65471,
30.90574,
27.359,
22.65878,
14.13077,
41.92542,
33.88935,
10.67555,
35.88246,
2.8,
2044, 
21.58852,
30.17488,
13.9304,
46.47791,
37.97518,
25.0643,
8.753785,
13.96701,
39.16055,
28.61301,
55.69521,
39.43268,
35.13037,
13.16073,
13.5434,
16.65562,
5.914982,
16.72754,
30.82146,
27.22581,
22.78529,
14.37223,
42.11263,
33.74249,
10.70394,
35.90242,
2.8,
2045, 
21.77622,
30.0253,
14.09889,
46.23879,
37.96832,
25.09294,
8.797643,
14.16343,
38.96284,
28.73072,
55.54184,
39.44522,
34.91588,
11.74822,
13.44422,
16.30315,
5.8414,
16.91827,
30.62378,
27.07397,
22.93095,
14.52361,
42.17545,
33.62587,
10.73375,
35.82113,
2.8,
2046, 
21.93134,
29.84181,
14.23478,
45.98522,
38.04935,
25.13418,
8.868881,
14.3695,
38.81092,
28.85064,
55.05556,
39.54368,
34.75587,
10.86424,
13.3047,
15.94203,
5.702351,
17.07182,
30.56623,
26.98288,
23.02539,
14.67546,
41.92926,
33.5365,
10.77693,
35.68541,
2.8,
2047, 
22.18855,
29.6867,
14.44732,
45.81989,
38.06602,
25.37872,
9.028685,
14.83412,
38.79352,
29.09075,
54.85754,
39.73155,
34.53665,
10.3274,
13.45465,
15.82509,
5.638824,
17.29379,
30.60828,
27.09576,
23.34054,
14.82034,
42.03123,
33.46478,
10.964,
35.53238,
2.8,
2048, 
22.30394,
29.5776,
14.72263,
45.68181,
37.90859,
25.60593,
9.16231,
15.36394,
38.79243,
29.18186,
54.85565,
40.06161,
34.43746,
9.691029,
13.54235,
15.47044,
5.267693,
17.50348,
30.68431,
27.14335,
23.64161,
15.10095,
42.20746,
33.5386,
11.22763,
35.40253,
2.8,
2049, 
22.40509,
29.48884,
15.07189,
45.57017,
37.79583,
25.76067,
9.269007,
15.82726,
38.76077,
29.38905,
54.69776,
40.23953,
34.41171,
9.069483,
13.51818,
15.1145,
4.925989,
17.69677,
30.81199,
27.2044,
23.92441,
15.4281,
42.16977,
33.56002,
11.51268,
35.28953,
2.8,
2050, 
22.59359,
29.26824,
15.50953,
45.48524,
37.79498,
25.95143,
9.371741,
16.34495,
38.74789,
29.61501,
54.57722,
40.34746,
34.41904,
8.481785,
13.58479,
15.02464,
4.646997,
17.80724,
30.82072,
27.35091,
24.12169,
15.80373,
42.29282,
33.60159,
11.79866,
35.15945,
2.8,
2051, 
22.74738,
29.34468,
16.00345,
45.40795,
37.55708,
26.14597,
9.513396,
16.8128,
38.80407,
29.87977,
54.494,
40.54182,
34.46748,
7.941832,
13.69923,
14.95876,
4.420721,
17.86721,
30.91366,
27.43721,
24.32855,
16.05012,
42.44264,
33.73221,
12.05261,
35.12021,
2.8,
2052, 
22.90184,
29.49665,
16.46453,
45.34136,
37.48361,
26.30484,
9.758048,
17.23476,
38.88143,
30.1032,
54.50122,
40.86583,
34.59242,
7.909401,
14.01949,
15.40744,
4.035732,
17.88955,
31.10536,
27.63848,
24.60417,
16.21369,
42.75458,
33.91813,
12.20907,
35.13724,
2.8,
2053, 
23.20651,
29.62555,
16.98089,
45.32766,
37.27829,
26.42566,
9.915938,
17.68282,
38.80596,
30.23678,
54.58772,
40.8161,
34.71343,
7.869638,
14.2456,
15.57814,
3.624449,
17.88148,
31.27513,
27.79318,
24.92115,
16.3045,
43.04638,
34.07405,
12.33172,
35.1248,
2.8,
2054, 
23.46747,
29.71851,
17.57115,
45.19054,
37.2,
26.46115,
10.03998,
18.15246,
38.73008,
30.40939,
54.55145,
40.91222,
34.76862,
7.786489,
14.56027,
15.77433,
3.265995,
17.85489,
31.34742,
27.89354,
25.18733,
16.46432,
43.31915,
34.14339,
12.45723,
35.0582,
2.8,
2055, 
23.50455,
29.96053,
17.61697,
44.94897,
36.96247,
26.43446,
10.12018,
18.56192,
38.88668,
30.51322,
54.4945,
40.98062,
34.80207,
7.858112,
14.81418,
15.73681,
2.970665,
17.77624,
31.46863,
28.05583,
25.37333,
16.61034,
43.62894,
34.29255,
12.60168,
35.03794,
2.8,
2056, 
23.64445,
30.23211,
18.1096,
44.9266,
36.82454,
26.47864,
10.24545,
19.04194,
38.94604,
30.60212,
54.73902,
41.13562,
34.85424,
8.19607,
15.11622,
16.07813,
2.8,
17.75144,
31.58644,
28.16669,
25.61637,
16.49419,
44.14363,
34.5075,
12.76297,
35.05719,
2.8,
2057, 
23.74612,
30.52692,
21.42256,
45.39455,
36.52,
26.5126,
10.40054,
19.62038,
38.96047,
30.65976,
54.95031,
41.12625,
34.83291,
8.587433,
15.39627,
16.0172,
2.8,
17.83579,
31.67553,
28.30234,
25.88062,
16.45518,
44.63453,
34.57567,
12.98438,
35.01869,
2.8,
2058, 
23.90285,
31.03185,
23.32509,
45.55229,
36.46239,
26.61918,
10.5682,
20.16308,
38.92217,
30.66255,
55.2969,
41.32015,
34.93421,
9.027552,
15.5856,
16.11362,
2.8,
17.8936,
31.72517,
28.43204,
26.11609,
16.86787,
45.04508,
34.71513,
13.23839,
35.07544,
2.8,
2059, 
24.12265,
31.36101,
23.83053,
45.63099,
36.34241,
26.73372,
10.76072,
20.53411,
38.88826,
30.65261,
55.59945,
41.46729,
35.00583,
9.557304,
15.87436,
16.04529,
2.8,
17.98515,
31.79109,
28.60561,
26.34667,
17.29113,
45.35406,
34.84479,
13.47888,
35.09183,
2.8,
2060, 
24.24047,
31.40021,
24.37257,
45.61755,
36.3494,
26.89568,
10.93783,
20.78677,
38.88796,
30.62362,
55.61216,
41.57489,
35.02713,
9.949495,
16.19377,
15.86975,
2.8,
18.10294,
31.85197,
28.80198,
26.56405,
17.62394,
45.56703,
34.8711,
13.70358,
35.09503,
2.8,
2061, 
24.37624,
31.59932,
24.75937,
45.58434,
36.22858,
26.9253,
11.12308,
21.12287,
38.91573,
30.59978,
55.69222,
41.78394,
35.06251,
10.36798,
16.49695,
15.77332,
2.8,
18.19481,
32.06885,
28.98672,
26.74833,
17.93556,
45.81765,
34.95242,
13.97197,
35.09098,
2.8,
2062, 
24.68052,
31.75267,
24.82354,
45.49815,
36.21405,
27.02304,
11.33669,
21.34286,
38.96836,
30.63176,
55.8649,
41.88228,
35.16564,
10.71302,
16.86414,
15.64839,
2.8,
18.36201,
32.34828,
29.23392,
26.98219,
18.18652,
46.0148,
35.08975,
14.23411,
35.14206,
2.8,
2063, 
24.83178,
31.92494,
24.90897,
45.56879,
36.05938,
27.12568,
11.54616,
21.53716,
39.07151,
30.67402,
55.92175,
41.90941,
35.28766,
10.96183,
17.2892,
15.48448,
2.8,
18.60516,
32.55549,
29.53556,
27.23927,
18.35633,
46.09344,
35.17524,
14.54749,
35.13138,
2.8,
2064, 
24.98433,
32.08848,
24.94568,
45.49972,
36.03522,
27.27304,
11.8148,
21.77641,
39.17619,
30.70551,
55.93761,
42.04664,
35.42394,
11.17566,
17.73939,
15.27609,
2.8,
18.88879,
32.78484,
29.86301,
27.44462,
18.48368,
46.2474,
35.29345,
14.86902,
35.10946,
2.8,
2065, 
25.11976,
32.2957,
25.0554,
45.49293,
35.88067,
27.4266,
12.07999,
22.01186,
39.25621,
30.81371,
56.41355,
42.07681,
35.47215,
11.31501,
18.12577,
15.13397,
2.8,
19.16404,
33.00832,
30.26857,
27.65869,
18.59155,
46.28314,
35.44405,
15.27167,
35.11901,
2.8,
2066, 
25.43814,
32.5893,
25.34712,
45.48157,
35.97059,
27.63174,
12.37475,
22.24927,
39.32382,
30.88042,
56.41129,
42.05774,
35.65562,
11.48954,
18.52822,
14.96656,
2.8,
19.49732,
33.26144,
30.58421,
27.88447,
18.63269,
46.38317,
35.54712,
15.66989,
35.12526,
2.8,
2067, 
25.65415,
32.93563,
25.69853,
45.46143,
35.98521,
27.77381,
12.66606,
22.50913,
39.41773,
30.8721,
56.83534,
42.07208,
35.77943,
11.64942,
18.80548,
14.79945,
2.948185,
19.85345,
33.37219,
30.88351,
28.09507,
18.78312,
46.45574,
35.65772,
16.13941,
35.14469,
2.8,
2068, 
25.90229,
33.15154,
25.96718,
45.4168,
36.10438,
27.91672,
12.93997,
22.7907,
39.48039,
30.90888,
56.51506,
42.04657,
35.94343,
11.81855,
19.06637,
14.64265,
3.145941,
20.22018,
33.57296,
31.15358,
28.27098,
18.9973,
46.64342,
35.76699,
16.55198,
35.16462,
2.8,
2069, 
26.19817,
33.29468,
26.33974,
45.40151,
36.07486,
28.03325,
13.21328,
23.05293,
39.51339,
30.99745,
56.80645,
42.0942,
36.02346,
11.94883,
19.43458,
14.56584,
3.352331,
20.61046,
33.73337,
31.39716,
28.52261,
19.26933,
46.70447,
35.91029,
16.99472,
35.15197,
2.8,
2070, 
26.47141,
33.50555,
26.67212,
45.36681,
35.9772,
28.18504,
13.47544,
23.27179,
39.5545,
31.06363,
56.47585,
42.17968,
36.1511,
12.09333,
19.81276,
14.39555,
3.567526,
21.0171,
33.95699,
31.75885,
28.74287,
19.59846,
46.89947,
36.06541,
17.38831,
35.14072,
2.8,
2071, 
26.62434,
33.81327,
27.03749,
45.35328,
35.81501,
28.32799,
13.73279,
23.42313,
39.58005,
31.1452,
56.68169,
42.27906,
36.24436,
12.32693,
20.16963,
14.37124,
3.793634,
21.40561,
34.12796,
32.06648,
28.93234,
19.96456,
47.0522,
36.28629,
17.75648,
35.07776,
2.8,
2072, 
26.8084,
34.11526,
27.35255,
45.34008,
35.69709,
28.43516,
14.01953,
23.57539,
39.63104,
31.26857,
56.29924,
42.29704,
36.4297,
12.53255,
20.70108,
14.46925,
4.027002,
21.87235,
34.42554,
32.47576,
29.1636,
20.38688,
47.36412,
36.41752,
18.11801,
35.07095,
2.8,
2073, 
26.99707,
34.32716,
27.71295,
45.30566,
35.65493,
28.58069,
14.30694,
23.67447,
39.6669,
31.38109,
56.01936,
42.34812,
36.45768,
12.7279,
21.21721,
14.45778,
4.254974,
22.34401,
34.50589,
32.84184,
29.42294,
20.85619,
47.48404,
36.67821,
18.47534,
35.02605,
2.8,
2074, 
27.21858,
34.65467,
28.00199,
45.31492,
35.53424,
28.78049,
14.61247,
23.76624,
39.66259,
31.5326,
56.16161,
42.30283,
36.48077,
12.94536,
21.79353,
14.52006,
4.476925,
22.83413,
34.60262,
33.07632,
29.63996,
21.37921,
47.74965,
36.79683,
18.83282,
35.00074,
2.8,
2075, 
27.48182,
34.99324,
28.35117,
45.32741,
35.66685,
28.91056,
14.88315,
23.8617,
39.61228,
31.65901,
55.94116,
42.34901,
36.44227,
12.99418,
22.33786,
14.57582,
4.667154,
23.31991,
34.62688,
33.26148,
29.90326,
21.8826,
47.83641,
37.06944,
19.19724,
34.96893,
2.8,
2076, 
28.24632,
35.3153,
28.66202,
45.343,
35.70499,
29.16255,
15.21209,
23.96161,
39.51852,
31.77929,
56.13374,
42.28767,
36.44569,
13.04636,
22.92973,
14.71761,
4.858593,
23.85894,
34.75912,
33.31893,
30.25876,
22.71187,
48.03357,
37.26523,
19.56891,
34.94016,
2.8,
2077, 
28.51908,
35.66392,
29.02682,
45.35917,
35.73236,
29.42738,
15.51796,
24.10719,
39.43506,
31.92356,
55.8909,
42.41542,
36.41199,
13.21077,
23.46687,
14.80972,
5.069096,
24.37732,
34.75183,
33.5099,
30.61679,
23.50468,
48.20974,
37.50275,
20.00986,
34.94638,
2.8,
2078, 
28.82792,
36.01717,
29.31773,
45.40664,
35.64488,
29.63897,
15.82657,
24.22388,
39.35087,
32.05669,
55.861,
42.4441,
36.43201,
13.41571,
24.03551,
15.08713,
5.299465,
24.88256,
34.98244,
33.58184,
30.9008,
24.23637,
48.37283,
37.62935,
20.47057,
34.8023,
2.8,
2079, 
29.18171,
36.36805,
29.6542,
45.44981,
35.62279,
29.78299,
16.11647,
24.34439,
39.29623,
32.20005,
55.78889,
42.58179,
36.34173,
13.64551,
24.54556,
15.24436,
5.530922,
25.32715,
35.00714,
33.64739,
31.17245,
24.86632,
48.61297,
37.80883,
20.93693,
34.7221,
2.8,
2080, 
29.47596,
36.68392,
29.9683,
45.49843,
35.54792,
29.87322,
16.42314,
24.40622,
39.2379,
32.36179,
55.78548,
42.63043,
36.3596,
13.91295,
25.06302,
15.39441,
5.796824,
25.79332,
35.09091,
33.77333,
31.4066,
25.42078,
48.82493,
37.90863,
21.42519,
34.82948,
2.8,
2081, 
29.9406,
37.01423,
30.28887,
45.5357,
35.55468,
29.97329,
16.73906,
24.44609,
39.19253,
32.51672,
55.65656,
42.8146,
36.23906,
14.33957,
25.64167,
15.55982,
6.077967,
26.20451,
35.06224,
33.85286,
31.57542,
25.75967,
48.79369,
37.93527,
21.90446,
35.01001,
2.8,
2082, 
30.33365,
37.25706,
30.61063,
45.62262,
35.58046,
30.12052,
17.09174,
24.51376,
39.15174,
32.70973,
55.55884,
42.87936,
36.28121,
14.72613,
26.19381,
15.83702,
6.423363,
26.67814,
35.17163,
33.91929,
31.74257,
26.07694,
48.86377,
37.9124,
22.43768,
35.00396,
2.8,
2083, 
30.66547,
37.50947,
30.96126,
45.67394,
35.75268,
30.27534,
17.45408,
24.61576,
39.10764,
32.90979,
55.46217,
43.04049,
36.19424,
15.16724,
26.678,
15.99333,
6.777132,
27.10647,
35.17831,
34.04005,
31.95591,
26.37278,
48.85443,
37.94137,
22.94569,
35.02924,
2.8,
2084, 
31.08792,
37.6474,
31.30021,
45.74966,
35.79985,
30.37115,
17.82083,
24.70448,
39.06818,
33.11057,
55.15651,
43.06226,
36.30233,
15.67325,
27.04861,
16.2551,
7.146324,
27.51799,
35.37374,
34.06045,
32.11274,
26.66165,
48.9375,
37.87778,
23.35673,
35.02777,
2.8,
2085, 
31.38551,
37.90077,
31.64796,
45.76956,
35.80195,
30.55936,
18.25188,
24.80303,
39.02423,
33.2977,
55.03693,
43.1589,
36.30565,
16.18926,
27.32345,
16.49942,
7.559572,
27.89843,
35.56031,
34.23817,
32.30192,
26.90152,
49.07005,
37.88597,
23.72562,
35.00459,
2.8,
2086, 
31.66629,
38.00888,
31.97286,
45.86343,
35.83215,
30.59213,
18.69717,
24.94901,
38.97588,
33.47844,
54.80672,
43.1823,
36.4787,
16.7589,
27.55005,
16.80904,
8.030257,
28.21093,
35.7002,
34.3217,
32.42196,
27.15266,
49.13666,
38.19354,
24.0776,
35.00193,
2.8,
2087, 
31.9637,
38.24278,
32.37732,
45.88838,
36.01038,
30.69141,
19.19035,
25.12649,
38.92416,
33.67766,
54.68254,
43.23959,
36.40715,
17.34453,
27.72602,
17.13874,
8.556542,
28.5393,
35.90391,
34.34491,
32.58836,
27.42923,
48.91745,
38.15688,
24.41436,
35.0071,
2.8,
2088, 
32.29595,
38.2807,
32.80254,
45.93846,
36.03619,
30.68668,
19.71218,
25.30733,
38.85443,
33.85867,
54.56792,
43.19914,
36.62301,
18.00367,
27.89026,
17.51572,
9.155189,
28.91655,
35.98633,
34.21935,
32.66367,
27.71387,
48.75846,
38.06358,
24.78782,
34.97807,
2.8,
2089, 
32.55161,
38.42701,
33.14496,
45.95613,
36.0872,
30.67869,
20.25882,
25.54988,
38.75588,
34.02825,
54.77988,
43.22792,
36.62848,
18.64411,
28.07557,
17.77562,
9.880819,
29.26239,
36.23106,
34.39234,
32.80012,
27.98835,
48.5394,
37.97499,
25.10407,
34.76626,
2.8,
2090, 
32.91134,
38.37793,
33.55169,
45.98305,
36.10513,
30.6629,
20.80561,
25.73088,
38.68946,
34.18857,
54.82144,
43.14114,
36.87071,
19.36488,
28.36645,
18.12951,
10.68106,
29.64211,
36.2687,
34.56132,
32.8134,
28.22677,
48.50745,
37.81165,
25.41949,
34.80547,
2.8,
2091, 
33.19414,
38.42913,
33.94574,
45.9421,
36.09356,
30.6351,
21.35294,
25.88521,
38.58823,
34.33961,
54.66385,
43.06435,
36.91267,
20.12215,
28.63765,
18.58074,
11.63973,
30.01112,
36.52351,
34.67133,
32.96034,
28.45196,
48.34378,
37.72834,
25.7816,
35.05519,
2.8,
2092, 
33.59282,
38.35636,
34.31178,
45.90868,
36.1157,
30.61314,
21.88586,
26.09771,
38.56852,
34.56048,
54.49249,
42.96425,
37.43907,
20.98154,
29.04989,
19.00699,
12.73309,
30.42942,
36.5591,
34.80579,
33.03548,
28.72913,
48.41114,
37.63706,
26.20948,
35.43303,
2.8,
2093, 
33.86361,
38.39416,
34.63432,
45.89084,
36.15237,
30.64774,
22.47775,
26.3648,
38.52886,
34.73857,
54.57473,
42.82928,
37.50443,
21.85079,
29.40015,
19.34504,
13.93528,
30.80335,
36.83962,
34.87907,
33.18323,
28.97624,
48.28111,
37.59981,
26.61629,
35.88067,
2.8,
2094, 
34.2589,
38.31479,
35.10854,
45.9248,
36.22355,
30.69789,
23.01596,
26.59637,
38.63667,
35.02919,
54.37843,
42.73269,
37.99539,
22.83832,
29.85126,
19.74947,
14.6216,
31.24921,
36.80164,
35.04298,
33.28221,
29.20685,
48.39486,
37.50928,
27.14402,
36.42159,
2.8,
2095, 
34.47593,
38.30759,
35.45978,
45.91498,
36.23286,
30.792,
23.54824,
26.95776,
38.73764,
34.90272,
54.45697,
42.74432,
38.23778,
23.81405,
30.30631,
20.07029,
15.66589,
31.66004,
37.02428,
35.13976,
33.72818,
29.51144,
48.20345,
37.66996,
27.27438,
36.97496,
2.8,
2096, 
34.80616,
38.27518,
35.98565,
45.98112,
36.27166,
30.9265,
24.42807,
27.27988,
38.98082,
35.21286,
54.3834,
42.70737,
38.73596,
24.87844,
31.3367,
20.42694,
19.40821,
32.01463,
37.06863,
35.44629,
33.89431,
29.87835,
48.27904,
37.57024,
27.95491,
37.58792,
2.8,
2097, 
35.08437,
38.28612,
36.43162,
46.02065,
36.2972,
31.07246,
25.43733,
27.69677,
39.22123,
36.34032,
54.18131,
42.67358,
39.2626,
25.86577,
32.28824,
20.76947,
22.57055,
33.00298,
37.32423,
35.76569,
34.25631,
30.30289,
48.13776,
37.66491,
29.1808,
37.96099,
2.8,
2098, 
35.39418,
38.18258,
36.99618,
46.12782,
36.33328,
31.30704,
26.44114,
28.18593,
39.54086,
36.56643,
54.16987,
42.73782,
41.40338,
26.81629,
33.25349,
21.14886,
25.00303,
33.57721,
37.37467,
36.096,
34.47875,
30.74125,
48.18185,
37.6045,
30.42108,
38.55519,
2.8,
2099, 
35.5014,
38.21181,
37.45593,
46.17001,
36.45818,
31.62496,
27.30299,
28.76142,
39.678,
36.50531,
53.91224,
42.67804,
41.4953,
27.60628,
33.92888,
21.30385,
27.16027,
33.9808,
37.55397,
36.48411,
34.70179,
31.19738,
48.06964,
37.68433,
30.84397,
39.06194,
2.8,
2100, 
35.84731,
38.10533,
38.01899,
46.2124,
36.50164,
32.03622,
28.20431,
29.39673,
39.88448,
36.87539,
54.48352,
42.60956,
41.71773,
28.36204,
34.47598,
21.5589,
29.10689,
34.48466,
37.62186,
36.8686,
34.93362,
31.58936,
48.09875,
37.66694,
31.26719,
38.8763,
2.8];
