real main.em.dem.res.Urbanization[27](t) = [1971, 
0.756454,
0.7361259,
0.597686,
0.4325838,
0.56885,
0.6424413,
0.4078159,
0.2308972,
0.1154628,
0.47869,
0.6973091,
0.4952138,
0.389044,
0.5263782,
0.4316463,
0.6225311,
0.4637669,
0.200744,
0.4608489,
0.1780127,
0.2481465,
0.1735209,
0.539282,
0.8022848,
0.1534675,
0.1220102,
1,
1972, 
0.756368,
0.736228,
0.605162,
0.4378787,
0.57861,
0.6481383,
0.4121375,
0.236126,
0.1185794,
0.47929,
0.6998516,
0.5022036,
0.395748,
0.5344108,
0.4346057,
0.6300951,
0.4738059,
0.203888,
0.4725752,
0.1780263,
0.2510067,
0.1779991,
0.546524,
0.8039315,
0.1574308,
0.128423,
1,
1973, 
0.756282,
0.73633,
0.612638,
0.4431735,
0.58837,
0.6538354,
0.4164591,
0.2413548,
0.1216962,
0.47989,
0.7023941,
0.5091934,
0.402452,
0.5424435,
0.4375651,
0.637659,
0.483845,
0.207032,
0.4843014,
0.1780399,
0.2538669,
0.1824774,
0.553766,
0.8055782,
0.1613941,
0.1348358,
1,
1974, 
0.756196,
0.7364321,
0.620114,
0.4484684,
0.59813,
0.6595324,
0.4207807,
0.2465836,
0.1248128,
0.48049,
0.7049367,
0.5161833,
0.409156,
0.5504761,
0.4405245,
0.645223,
0.4938841,
0.210176,
0.4960278,
0.1780536,
0.2567272,
0.1869556,
0.561008,
0.807225,
0.1653575,
0.1412487,
1,
1975, 
0.75611,
0.7365341,
0.62759,
0.4537632,
0.60789,
0.6652295,
0.4251023,
0.2518125,
0.1279295,
0.48109,
0.7074792,
0.5231731,
0.41586,
0.5585087,
0.4434839,
0.652787,
0.5039232,
0.21332,
0.5077541,
0.1780671,
0.2595874,
0.1914338,
0.56825,
0.8088717,
0.1693208,
0.1476615,
1,
1976, 
0.756214,
0.7367041,
0.63475,
0.4581937,
0.617248,
0.6709127,
0.4293244,
0.2570261,
0.1311343,
0.481722,
0.7093756,
0.5299801,
0.420248,
0.5659359,
0.4452516,
0.6590704,
0.5119867,
0.216852,
0.5197567,
0.1820415,
0.2635102,
0.1969361,
0.573732,
0.8085852,
0.1752957,
0.1548853,
1,
1977, 
0.756318,
0.7368741,
0.64191,
0.4626242,
0.626606,
0.676596,
0.4335465,
0.2622398,
0.134339,
0.482354,
0.7112721,
0.536787,
0.424636,
0.5733631,
0.4470193,
0.6653539,
0.5200503,
0.220384,
0.5317594,
0.1860158,
0.267433,
0.2024385,
0.579214,
0.8082986,
0.1812705,
0.162109,
1,
1978, 
0.756422,
0.7370441,
0.64907,
0.4670547,
0.635964,
0.6822792,
0.4377686,
0.2674535,
0.1375437,
0.482986,
0.7131686,
0.5435939,
0.429024,
0.5807903,
0.448787,
0.6716374,
0.5281138,
0.223916,
0.543762,
0.1899902,
0.2713558,
0.2079408,
0.584696,
0.8080121,
0.1872454,
0.1693328,
1,
1979, 
0.756526,
0.7372141,
0.65623,
0.4714851,
0.645322,
0.6879625,
0.4419907,
0.2726672,
0.1407484,
0.483618,
0.715065,
0.5504009,
0.433412,
0.5882175,
0.4505547,
0.6779208,
0.5361774,
0.227448,
0.5557647,
0.1939645,
0.2752786,
0.2134431,
0.590178,
0.8077255,
0.1932203,
0.1765565,
1,
1980, 
0.75663,
0.7373841,
0.66339,
0.4759156,
0.65468,
0.6936458,
0.4462128,
0.2778808,
0.1439532,
0.48425,
0.7169614,
0.5572078,
0.4378,
0.5956447,
0.4523224,
0.6842043,
0.544241,
0.23098,
0.5677673,
0.1979389,
0.2792014,
0.2189454,
0.59566,
0.807439,
0.1991951,
0.1837803,
1,
1981, 
0.758012,
0.7388961,
0.668612,
0.4794818,
0.663468,
0.6988419,
0.4506554,
0.2828116,
0.1467125,
0.486144,
0.7180791,
0.5612154,
0.455136,
0.6023511,
0.4526809,
0.6882804,
0.5511936,
0.23348,
0.5793942,
0.2049554,
0.2834704,
0.2267611,
0.597638,
0.8069275,
0.2028412,
0.1896408,
1,
1982, 
0.759394,
0.740408,
0.673834,
0.4830481,
0.672256,
0.704038,
0.455098,
0.2877424,
0.1494717,
0.488038,
0.7191967,
0.5652229,
0.472472,
0.6090575,
0.4530393,
0.6923565,
0.5581462,
0.23598,
0.5910212,
0.2119719,
0.2877393,
0.2345767,
0.599616,
0.806416,
0.2064874,
0.1955013,
1,
1983, 
0.760776,
0.7419199,
0.679056,
0.4866143,
0.681044,
0.7092341,
0.4595406,
0.2926733,
0.152231,
0.489932,
0.7203143,
0.5692304,
0.489808,
0.6157638,
0.4533979,
0.6964326,
0.5650988,
0.23848,
0.6026481,
0.2189885,
0.2920083,
0.2423924,
0.601594,
0.8059045,
0.2101334,
0.2013618,
1,
1984, 
0.762158,
0.7434319,
0.684278,
0.4901806,
0.689832,
0.7144303,
0.4639832,
0.2976041,
0.1549902,
0.491826,
0.721432,
0.573238,
0.507144,
0.6224703,
0.4537563,
0.7005087,
0.5720514,
0.24098,
0.6142751,
0.2260051,
0.2962772,
0.250208,
0.603572,
0.805393,
0.2137796,
0.2072223,
1,
1985, 
0.76354,
0.7449438,
0.6895,
0.4937468,
0.69862,
0.7196264,
0.4684259,
0.3025349,
0.1577495,
0.49372,
0.7225496,
0.5772456,
0.52448,
0.6291766,
0.4541149,
0.7045848,
0.579004,
0.24348,
0.6259021,
0.2330216,
0.3005462,
0.2580236,
0.60555,
0.8048815,
0.2174256,
0.2130828,
1,
1986, 
0.763996,
0.7465557,
0.694438,
0.4980962,
0.70674,
0.7241471,
0.4718483,
0.3074721,
0.1613305,
0.49905,
0.7237769,
0.5804576,
0.53799,
0.6339816,
0.4526951,
0.7072566,
0.5837036,
0.245878,
0.6385428,
0.2401819,
0.3050846,
0.2668254,
0.610626,
0.8054103,
0.2206784,
0.2193246,
1,
1987, 
0.764452,
0.7481676,
0.699376,
0.5024455,
0.71486,
0.7286679,
0.4752707,
0.3124094,
0.1649115,
0.50438,
0.7250042,
0.5836695,
0.5515,
0.6387866,
0.4512754,
0.7099285,
0.5884033,
0.248276,
0.6511836,
0.2473422,
0.3096232,
0.2756271,
0.615702,
0.805939,
0.2239313,
0.2255663,
1,
1988, 
0.764908,
0.7497796,
0.704314,
0.5067949,
0.72298,
0.7331886,
0.4786932,
0.3173466,
0.1684925,
0.50971,
0.7262315,
0.5868815,
0.56501,
0.6435915,
0.4498556,
0.7126004,
0.5931029,
0.250674,
0.6638244,
0.2545025,
0.3141617,
0.2844289,
0.620778,
0.8064678,
0.2271841,
0.231808,
1,
1989, 
0.765364,
0.7513915,
0.709252,
0.5111443,
0.7311,
0.7377093,
0.4821156,
0.3222839,
0.1720735,
0.51504,
0.7274588,
0.5900935,
0.57852,
0.6483964,
0.4484359,
0.7152722,
0.5978025,
0.253072,
0.6764652,
0.2616628,
0.3187002,
0.2932307,
0.625854,
0.8069966,
0.230437,
0.2380497,
1,
1990, 
0.76582,
0.7530034,
0.71419,
0.5154937,
0.73922,
0.7422301,
0.4855381,
0.3272212,
0.1756545,
0.52037,
0.7286861,
0.5933055,
0.59203,
0.6532014,
0.4470162,
0.717944,
0.6025021,
0.25547,
0.689106,
0.2688231,
0.3232387,
0.3020324,
0.63093,
0.8075253,
0.2336898,
0.2442915,
1,
1991, 
0.768006,
0.7569032,
0.718088,
0.521332,
0.746596,
0.746429,
0.4885144,
0.3320197,
0.1790721,
0.525268,
0.7299396,
0.5943421,
0.59787,
0.6540411,
0.4434867,
0.7176161,
0.6066239,
0.257562,
0.6951649,
0.2776933,
0.326188,
0.3116375,
0.634014,
0.8088444,
0.2364036,
0.2500089,
1,
1992, 
0.770192,
0.7608031,
0.721986,
0.5271704,
0.753972,
0.750628,
0.4914907,
0.3368183,
0.1824898,
0.530166,
0.7311932,
0.5953786,
0.60371,
0.6548806,
0.4399572,
0.7172881,
0.6107457,
0.259654,
0.7012237,
0.2865634,
0.3291374,
0.3212427,
0.637098,
0.8101634,
0.2391174,
0.2557264,
1,
1993, 
0.772378,
0.764703,
0.725884,
0.5330088,
0.761348,
0.754827,
0.4944671,
0.3416169,
0.1859074,
0.535064,
0.7324468,
0.5964153,
0.60955,
0.6557202,
0.4364277,
0.7169601,
0.6148675,
0.261746,
0.7072827,
0.2954336,
0.3320867,
0.3308478,
0.640182,
0.8114824,
0.2418311,
0.2614439,
1,
1994, 
0.774564,
0.7686028,
0.729782,
0.5388471,
0.768724,
0.7590259,
0.4974434,
0.3464154,
0.1893251,
0.539962,
0.7337003,
0.5974519,
0.61539,
0.6565598,
0.4328982,
0.7166321,
0.6189893,
0.263838,
0.7133416,
0.3043037,
0.335036,
0.340453,
0.643266,
0.8128015,
0.2445449,
0.2671613,
1,
1995, 
0.77675,
0.7725028,
0.73368,
0.5446855,
0.7761,
0.7632248,
0.5004197,
0.351214,
0.1927427,
0.54486,
0.7349539,
0.5984885,
0.62123,
0.6573995,
0.4293687,
0.7163042,
0.6231111,
0.26593,
0.7194005,
0.3131738,
0.3379854,
0.3500581,
0.64635,
0.8141205,
0.2472587,
0.2728788,
1,
1996, 
0.780356,
0.7761806,
0.736388,
0.5497898,
0.783264,
0.7668509,
0.5029268,
0.3565329,
0.1954446,
0.54967,
0.7363862,
0.5985937,
0.626466,
0.6581593,
0.4270577,
0.7159977,
0.6270131,
0.268074,
0.7213287,
0.322844,
0.3417625,
0.3625037,
0.647512,
0.8158794,
0.2503316,
0.2776015,
1,
1997, 
0.783962,
0.7798585,
0.739096,
0.554894,
0.790428,
0.770477,
0.5054338,
0.3618518,
0.1981465,
0.55448,
0.7378185,
0.5986989,
0.631702,
0.6589192,
0.4247468,
0.7156912,
0.630915,
0.270218,
0.7232569,
0.3325142,
0.3455396,
0.3749493,
0.648674,
0.8176383,
0.2534044,
0.2823242,
1,
1998, 
0.787568,
0.7835364,
0.741804,
0.5599983,
0.797592,
0.774103,
0.5079408,
0.3671706,
0.2008484,
0.55929,
0.7392508,
0.5988041,
0.636938,
0.6596791,
0.4224358,
0.7153847,
0.634817,
0.272362,
0.7251852,
0.3421845,
0.3493167,
0.387395,
0.649836,
0.8193972,
0.2564772,
0.2870469,
1,
1999, 
0.791174,
0.7872143,
0.744512,
0.5651026,
0.804756,
0.7777291,
0.5104477,
0.3724895,
0.2035503,
0.5641,
0.7406831,
0.5989093,
0.642174,
0.6604389,
0.4201248,
0.7150781,
0.638719,
0.274506,
0.7271135,
0.3518547,
0.3530938,
0.3998406,
0.650998,
0.821156,
0.2595501,
0.2917696,
1,
2000, 
0.79478,
0.7908922,
0.74722,
0.5702069,
0.81192,
0.7813551,
0.5129548,
0.3778083,
0.2062522,
0.56891,
0.7421155,
0.5990145,
0.64741,
0.6611987,
0.4178139,
0.7147716,
0.6426209,
0.27665,
0.7290417,
0.3615249,
0.3568709,
0.4122862,
0.65216,
0.822915,
0.262623,
0.2964923,
1,
2001, 
0.796068,
0.7942601,
0.750392,
0.5752423,
0.817998,
0.7847831,
0.5155788,
0.3835129,
0.2090682,
0.573694,
0.7446501,
0.6003301,
0.652498,
0.6628895,
0.417566,
0.7138963,
0.6462799,
0.278752,
0.7314725,
0.3749359,
0.36136,
0.4141985,
0.653652,
0.8247016,
0.2657089,
0.3017095,
1,
2002, 
0.797356,
0.7976281,
0.753564,
0.5802779,
0.824076,
0.7882111,
0.5182028,
0.3892173,
0.2118843,
0.578478,
0.7471848,
0.6016456,
0.657586,
0.6645803,
0.417318,
0.713021,
0.6499389,
0.280854,
0.7339033,
0.3883469,
0.3658491,
0.4161108,
0.655144,
0.8264883,
0.2687949,
0.3069267,
1,
2003, 
0.798644,
0.800996,
0.756736,
0.5853133,
0.830154,
0.791639,
0.5208269,
0.3949218,
0.2147003,
0.583262,
0.7497194,
0.6029612,
0.662674,
0.6662711,
0.4170702,
0.7121458,
0.653598,
0.282956,
0.7363342,
0.4017579,
0.3703382,
0.418023,
0.656636,
0.8282749,
0.2718808,
0.312144,
1,
2004, 
0.799932,
0.804364,
0.759908,
0.5903488,
0.836232,
0.795067,
0.523451,
0.4006263,
0.2175163,
0.588046,
0.7522539,
0.6042767,
0.667762,
0.6679618,
0.4168222,
0.7112705,
0.657257,
0.285058,
0.738765,
0.4151689,
0.3748273,
0.4199353,
0.658128,
0.8300616,
0.2749668,
0.3173612,
1,
2005, 
0.80122,
0.8077319,
0.76308,
0.5953844,
0.84231,
0.798495,
0.526075,
0.4063308,
0.2203323,
0.59283,
0.7547886,
0.6055923,
0.67285,
0.6696526,
0.4165743,
0.7103952,
0.660916,
0.28716,
0.7411959,
0.4285799,
0.3793164,
0.4218476,
0.65962,
0.8318482,
0.2780527,
0.3225784,
1,
2006, 
0.80214,
0.8107578,
0.76612,
0.5998257,
0.846906,
0.801621,
0.5291586,
0.4124752,
0.2232834,
0.597668,
0.7573807,
0.6074458,
0.677578,
0.6725683,
0.4171559,
0.7107434,
0.6649917,
0.289748,
0.7436043,
0.4374205,
0.3844333,
0.4241362,
0.661362,
0.8335413,
0.2816626,
0.3279303,
1,
2007, 
0.80306,
0.8137838,
0.76916,
0.604267,
0.851502,
0.8047469,
0.5322422,
0.4186195,
0.2262345,
0.602506,
0.7599728,
0.6092995,
0.682306,
0.6754839,
0.4177376,
0.7110916,
0.6690674,
0.292336,
0.7460127,
0.4462611,
0.3895501,
0.4264247,
0.663104,
0.8352345,
0.2852725,
0.3332823,
1,
2008, 
0.80398,
0.8168097,
0.7722,
0.6087084,
0.856098,
0.8078729,
0.5353258,
0.4247639,
0.2291856,
0.607344,
0.7625648,
0.6111532,
0.687034,
0.6783996,
0.4183192,
0.7114398,
0.6731431,
0.294924,
0.7484212,
0.4551018,
0.3946669,
0.4287131,
0.664846,
0.8369277,
0.2888823,
0.3386343,
1,
2009, 
0.8049,
0.8198357,
0.77524,
0.6131497,
0.860694,
0.8109989,
0.5384095,
0.4309083,
0.2321367,
0.612182,
0.7651569,
0.6130068,
0.691762,
0.6813152,
0.4189009,
0.7117881,
0.6772189,
0.297512,
0.7508297,
0.4639424,
0.3997837,
0.4310017,
0.666588,
0.8386208,
0.2924922,
0.3439863,
1,
2010, 
0.80582,
0.8228616,
0.77828,
0.617591,
0.86529,
0.8141249,
0.5414931,
0.4370526,
0.2350878,
0.61702,
0.767749,
0.6148605,
0.69649,
0.6842309,
0.4194825,
0.7121363,
0.6812946,
0.3001,
0.7532381,
0.472783,
0.4049006,
0.4332902,
0.66833,
0.8403139,
0.296102,
0.3493382,
1,
2011, 
0.809091,
0.8256361,
0.7816658,
0.6222903,
0.8674697,
0.8170737,
0.5468929,
0.4431485,
0.2397763,
0.6224698,
0.7711442,
0.6200397,
0.6993777,
0.688028,
0.4255881,
0.71624,
0.685299,
0.305823,
0.7568952,
0.4804713,
0.4110568,
0.4395898,
0.672183,
0.8422917,
0.3019753,
0.355201,
1,
2012, 
0.812362,
0.8284105,
0.7850515,
0.6269896,
0.8696494,
0.8200226,
0.5522927,
0.4492444,
0.2444647,
0.6279197,
0.7745394,
0.6252189,
0.7022653,
0.6918252,
0.4316937,
0.7203438,
0.6893035,
0.3115459,
0.7605522,
0.4881595,
0.4172131,
0.4458894,
0.6760361,
0.8442696,
0.3078485,
0.3610637,
1,
2013, 
0.8156331,
0.831185,
0.7884373,
0.6316888,
0.8718292,
0.8229714,
0.5576925,
0.4553404,
0.2491532,
0.6333694,
0.7779346,
0.6303981,
0.705153,
0.6956224,
0.4377993,
0.7244475,
0.6933079,
0.3172689,
0.7642092,
0.4958478,
0.4233693,
0.452189,
0.6798892,
0.8462474,
0.3137217,
0.3669265,
1,
2014, 
0.818904,
0.8339595,
0.7918231,
0.6363881,
0.8740089,
0.8259202,
0.5630924,
0.4614363,
0.2538417,
0.6388193,
0.7813298,
0.6355773,
0.7080406,
0.6994196,
0.4439049,
0.7285513,
0.6973124,
0.3229918,
0.7678663,
0.503536,
0.4295256,
0.4584885,
0.6837423,
0.8482252,
0.3195949,
0.3727892,
1,
2015, 
0.8221751,
0.8367339,
0.7952088,
0.6410874,
0.8761886,
0.8288691,
0.5684922,
0.4675322,
0.2585301,
0.6442691,
0.784725,
0.6407565,
0.7109283,
0.7032167,
0.4500105,
0.732655,
0.7013168,
0.3287148,
0.7715233,
0.5112243,
0.4356818,
0.4647881,
0.6875954,
0.850203,
0.3254681,
0.378652,
1,
2016, 
0.8254461,
0.8395084,
0.7985946,
0.6457866,
0.8783683,
0.8318179,
0.573892,
0.4736281,
0.2632186,
0.649719,
0.7881201,
0.6459358,
0.7138159,
0.7070138,
0.4561161,
0.7367588,
0.7053213,
0.3344377,
0.7751803,
0.5189126,
0.4418381,
0.4710878,
0.6914484,
0.8521809,
0.3313413,
0.3845147,
1,
2017, 
0.8287171,
0.8422828,
0.8019804,
0.6504859,
0.8805481,
0.8347667,
0.5792918,
0.479724,
0.2679071,
0.6551688,
0.7915153,
0.6511149,
0.7167035,
0.710811,
0.4622217,
0.7408625,
0.7093257,
0.3401607,
0.7788373,
0.5266008,
0.4479944,
0.4773873,
0.6953015,
0.8541588,
0.3372145,
0.3903775,
1,
2018, 
0.8319881,
0.8450573,
0.8053662,
0.6551852,
0.8827278,
0.8377156,
0.5846916,
0.4858199,
0.2725956,
0.6606186,
0.7949104,
0.6562942,
0.7195913,
0.7146082,
0.4683272,
0.7449663,
0.7133301,
0.3458837,
0.7824944,
0.534289,
0.4541506,
0.4836869,
0.6991545,
0.8561366,
0.3430877,
0.3962402,
1,
2019, 
0.8352591,
0.8478318,
0.8087519,
0.6598845,
0.8849075,
0.8406644,
0.5900915,
0.4919158,
0.2772841,
0.6660684,
0.7983056,
0.6614734,
0.7224789,
0.7184054,
0.4744328,
0.74907,
0.7173346,
0.3516066,
0.7861514,
0.5419773,
0.4603068,
0.4899865,
0.7030076,
0.8581144,
0.3489609,
0.4021029,
1,
2020, 
0.8385301,
0.8506062,
0.8121377,
0.6645837,
0.8870872,
0.8436133,
0.5954913,
0.4980118,
0.2819726,
0.6715183,
0.8017008,
0.6666526,
0.7253665,
0.7222025,
0.4805384,
0.7531737,
0.7213391,
0.3573295,
0.7898085,
0.5496656,
0.4664631,
0.4962861,
0.7068607,
0.8600922,
0.3548341,
0.4079657,
1,
2021, 
0.8412642,
0.8530214,
0.8149678,
0.6684638,
0.8885969,
0.8460224,
0.6001132,
0.5033444,
0.286858,
0.6758885,
0.8045301,
0.6707832,
0.7281005,
0.7255539,
0.4860023,
0.7566229,
0.7245679,
0.3631833,
0.7928215,
0.5559129,
0.4722489,
0.5017528,
0.7103373,
0.8619776,
0.360605,
0.4133564,
1,
2022, 
0.8439983,
0.8554366,
0.8177978,
0.672344,
0.8901066,
0.8484316,
0.6047351,
0.5086771,
0.2917435,
0.6802588,
0.8073595,
0.6749136,
0.7308345,
0.7289053,
0.4914662,
0.7600721,
0.7277968,
0.3690371,
0.7958347,
0.5621603,
0.4780346,
0.5072195,
0.713814,
0.8638629,
0.3663759,
0.4187471,
1,
2023, 
0.8467323,
0.8578518,
0.8206279,
0.6762242,
0.8916162,
0.8508407,
0.6093571,
0.5140097,
0.2966288,
0.684629,
0.8101888,
0.6790442,
0.7335685,
0.7322566,
0.4969301,
0.7635213,
0.7310256,
0.3748909,
0.7988477,
0.5684077,
0.4838203,
0.5126862,
0.7172906,
0.8657482,
0.3721468,
0.4241378,
1,
2024, 
0.8494664,
0.860267,
0.823458,
0.6801043,
0.8931259,
0.8532499,
0.613979,
0.5193424,
0.3015143,
0.6889992,
0.8130181,
0.6831747,
0.7363025,
0.735608,
0.5023939,
0.7669704,
0.7342545,
0.3807446,
0.8018608,
0.5746551,
0.4896061,
0.5181529,
0.7207674,
0.8676336,
0.3779176,
0.4295285,
1,
2025, 
0.8522004,
0.8626822,
0.826288,
0.6839845,
0.8946356,
0.855659,
0.618601,
0.5246751,
0.3063997,
0.6933694,
0.8158475,
0.6873053,
0.7390364,
0.7389593,
0.5078578,
0.7704196,
0.7374833,
0.3865983,
0.8048739,
0.5809025,
0.4953918,
0.5236196,
0.724244,
0.8695189,
0.3836886,
0.4349192,
1,
2026, 
0.8549345,
0.8650974,
0.8291181,
0.6878647,
0.8961452,
0.8580682,
0.6232228,
0.5300077,
0.3112851,
0.6977396,
0.8186768,
0.6914358,
0.7417705,
0.7423106,
0.5133216,
0.7738688,
0.7407122,
0.3924521,
0.807887,
0.5871499,
0.5011775,
0.5290864,
0.7277207,
0.8714042,
0.3894594,
0.44031,
1,
2027, 
0.8576686,
0.8675126,
0.8319482,
0.6917448,
0.8976549,
0.8604773,
0.6278448,
0.5353404,
0.3161706,
0.7021098,
0.8215061,
0.6955664,
0.7445045,
0.745662,
0.5187855,
0.7773179,
0.7439411,
0.3983059,
0.8109001,
0.5933973,
0.5069633,
0.5345531,
0.7311974,
0.8732896,
0.3952303,
0.4457007,
1,
2028, 
0.8604026,
0.8699278,
0.8347782,
0.6956249,
0.8991646,
0.8628865,
0.6324667,
0.540673,
0.3210559,
0.70648,
0.8243355,
0.6996969,
0.7472385,
0.7490133,
0.5242494,
0.7807671,
0.7471699,
0.4041597,
0.8139132,
0.5996447,
0.5127491,
0.5400198,
0.734674,
0.8751749,
0.4010012,
0.4510914,
1,
2029, 
0.8631367,
0.8723429,
0.8376083,
0.6995051,
0.9006742,
0.8652956,
0.6370887,
0.5460057,
0.3259414,
0.7108503,
0.8271648,
0.7038275,
0.7499725,
0.7523646,
0.5297133,
0.7842163,
0.7503988,
0.4100134,
0.8169263,
0.605892,
0.5185348,
0.5454865,
0.7381507,
0.8770602,
0.4067721,
0.4564821,
1,
2030, 
0.8658708,
0.8747581,
0.8404384,
0.7033852,
0.9021839,
0.8677047,
0.6417106,
0.5513384,
0.3308268,
0.7152205,
0.8299941,
0.707958,
0.7527064,
0.755716,
0.5351771,
0.7876655,
0.7536276,
0.4158672,
0.8199394,
0.6121394,
0.5243206,
0.5509531,
0.7416274,
0.8789456,
0.4125429,
0.4618728,
1,
2031, 
0.8681482,
0.8768376,
0.8428077,
0.7065763,
0.9032857,
0.869682,
0.6456646,
0.5559729,
0.3357921,
0.7187387,
0.8323507,
0.7112796,
0.755272,
0.75866,
0.5400626,
0.7905526,
0.7563407,
0.4216489,
0.8224189,
0.6171191,
0.5295996,
0.5556105,
0.7447404,
0.8806878,
0.4180124,
0.4667434,
1,
2032, 
0.8704256,
0.878917,
0.8451769,
0.7097675,
0.9043875,
0.8716591,
0.6496187,
0.5606076,
0.3407574,
0.7222568,
0.8347074,
0.7146012,
0.7578376,
0.7616041,
0.5449481,
0.7934397,
0.7590538,
0.4274306,
0.8248984,
0.6220987,
0.5348786,
0.5602679,
0.7478533,
0.88243,
0.4234819,
0.4716138,
1,
2033, 
0.872703,
0.8809965,
0.8475461,
0.7129586,
0.9054894,
0.8736363,
0.6535727,
0.5652421,
0.3457227,
0.7257749,
0.837064,
0.7179227,
0.7604032,
0.7645481,
0.5498335,
0.7963269,
0.7617669,
0.4332123,
0.8273779,
0.6270784,
0.5401577,
0.5649253,
0.7509662,
0.8841723,
0.4289514,
0.4764844,
1,
2034, 
0.8749804,
0.883076,
0.8499154,
0.7161498,
0.9065912,
0.8756135,
0.6575267,
0.5698767,
0.350688,
0.729293,
0.8394206,
0.7212443,
0.7629687,
0.7674921,
0.554719,
0.7992139,
0.7644801,
0.4389941,
0.8298575,
0.632058,
0.5454367,
0.5695826,
0.7540792,
0.8859145,
0.4344209,
0.4813549,
1,
2035, 
0.8772578,
0.8851554,
0.8522847,
0.7193409,
0.907693,
0.8775907,
0.6614808,
0.5745113,
0.3556534,
0.7328112,
0.8417772,
0.7245659,
0.7655343,
0.7704362,
0.5596045,
0.8021011,
0.7671931,
0.4447757,
0.832337,
0.6370377,
0.5507157,
0.57424,
0.7571921,
0.8876567,
0.4398904,
0.4862254,
1,
2036, 
0.8795352,
0.8872349,
0.8546539,
0.722532,
0.9087949,
0.8795678,
0.6654348,
0.5791458,
0.3606187,
0.7363293,
0.8441338,
0.7278874,
0.7680999,
0.7733802,
0.5644899,
0.8049882,
0.7699063,
0.4505574,
0.8348165,
0.6420174,
0.5559947,
0.5788974,
0.760305,
0.889399,
0.4453599,
0.4910959,
1,
2037, 
0.8818126,
0.8893143,
0.8570231,
0.7257231,
0.9098967,
0.8815449,
0.6693889,
0.5837804,
0.365584,
0.7398475,
0.8464904,
0.7312089,
0.7706655,
0.7763242,
0.5693754,
0.8078753,
0.7726194,
0.4563391,
0.837296,
0.646997,
0.5612738,
0.5835547,
0.763418,
0.8911412,
0.4508294,
0.4959664,
1,
2038, 
0.88409,
0.8913938,
0.8593924,
0.7289143,
0.9109985,
0.8835222,
0.6733429,
0.588415,
0.3705493,
0.7433656,
0.848847,
0.7345306,
0.773231,
0.7792682,
0.5742608,
0.8107625,
0.7753325,
0.4621208,
0.8397755,
0.6519766,
0.5665528,
0.5882121,
0.7665309,
0.8928834,
0.4562988,
0.5008369,
1,
2039, 
0.8863674,
0.8934732,
0.8617617,
0.7321054,
0.9121004,
0.8854993,
0.6772969,
0.5930496,
0.3755146,
0.7468837,
0.8512036,
0.7378521,
0.7757966,
0.7822123,
0.5791463,
0.8136496,
0.7780456,
0.4679025,
0.842255,
0.6569563,
0.5718318,
0.5928695,
0.7696438,
0.8946257,
0.4617683,
0.5057074,
1,
2040, 
0.8886448,
0.8955527,
0.8641309,
0.7352965,
0.9132022,
0.8874765,
0.681251,
0.5976841,
0.3804799,
0.7504019,
0.8535602,
0.7411736,
0.7783622,
0.7851563,
0.5840318,
0.8165367,
0.7807587,
0.4736843,
0.8447345,
0.6619359,
0.5771109,
0.5975269,
0.7727568,
0.8963679,
0.4672378,
0.5105779,
1,
2041, 
0.8905379,
0.897326,
0.8661196,
0.7379268,
0.9140387,
0.8891026,
0.6846505,
0.6016641,
0.3853568,
0.7532595,
0.8555459,
0.74389,
0.7807493,
0.787731,
0.5883285,
0.8189727,
0.7830318,
0.4792247,
0.8467242,
0.6659011,
0.5818207,
0.6014631,
0.7755274,
0.8979539,
0.4723141,
0.5150089,
1,
2042, 
0.892431,
0.8990993,
0.8681083,
0.7405571,
0.9148752,
0.8907288,
0.6880502,
0.605644,
0.3902338,
0.7561171,
0.8575315,
0.7466065,
0.7831363,
0.7903057,
0.5926253,
0.8214086,
0.7853048,
0.4847652,
0.8487138,
0.6698661,
0.5865304,
0.6053993,
0.7782979,
0.8995398,
0.4773904,
0.5194398,
1,
2043, 
0.8943241,
0.9008727,
0.8700969,
0.7431874,
0.9157117,
0.892355,
0.6914497,
0.6096239,
0.3951107,
0.7589747,
0.8595172,
0.7493229,
0.7855234,
0.7928805,
0.5969219,
0.8238446,
0.7875779,
0.4903057,
0.8507035,
0.6738312,
0.5912402,
0.6093354,
0.7810685,
0.9011257,
0.4824666,
0.5238708,
1,
2044, 
0.8962171,
0.902646,
0.8720856,
0.7458177,
0.9165482,
0.8939812,
0.6948493,
0.6136038,
0.3999877,
0.7618322,
0.8615028,
0.7520393,
0.7879105,
0.7954552,
0.6012187,
0.8262806,
0.789851,
0.4958463,
0.8526931,
0.6777963,
0.5959499,
0.6132717,
0.7838391,
0.9027116,
0.4875429,
0.5283017,
1,
2045, 
0.8981102,
0.9044194,
0.8740742,
0.748448,
0.9173847,
0.8956074,
0.6982489,
0.6175838,
0.4048646,
0.7646899,
0.8634885,
0.7547557,
0.7902975,
0.79803,
0.6055154,
0.8287165,
0.792124,
0.5013868,
0.8546828,
0.6817614,
0.6006597,
0.6172078,
0.7866096,
0.9042976,
0.4926192,
0.5327326,
1,
2046, 
0.9000033,
0.9061927,
0.8760629,
0.7510783,
0.9182212,
0.8972335,
0.7016484,
0.6215637,
0.4097415,
0.7675474,
0.8654741,
0.7574721,
0.7926846,
0.8006047,
0.6098121,
0.8311525,
0.7943971,
0.5069273,
0.8566724,
0.6857265,
0.6053695,
0.6211441,
0.7893802,
0.9058836,
0.4976954,
0.5371636,
1,
2047, 
0.9018964,
0.907966,
0.8780515,
0.7537086,
0.9190577,
0.8988596,
0.705048,
0.6255435,
0.4146185,
0.7704051,
0.8674598,
0.7601885,
0.7950717,
0.8031794,
0.6141089,
0.8335885,
0.7966701,
0.5124677,
0.8586621,
0.6896915,
0.6100793,
0.6250802,
0.7921508,
0.9074695,
0.5027717,
0.5415945,
1,
2048, 
0.9037894,
0.9097394,
0.8800402,
0.7563389,
0.9198942,
0.9004858,
0.7084476,
0.6295235,
0.4194954,
0.7732626,
0.8694454,
0.7629049,
0.7974588,
0.8057542,
0.6184056,
0.8360245,
0.7989432,
0.5180082,
0.8606517,
0.6936567,
0.614789,
0.6290164,
0.7949214,
0.9090554,
0.507848,
0.5460254,
1,
2049, 
0.9056824,
0.9115127,
0.8820289,
0.7589692,
0.9207307,
0.902112,
0.7118471,
0.6335033,
0.4243724,
0.7761202,
0.8714311,
0.7656213,
0.7998458,
0.8083289,
0.6227024,
0.8384604,
0.8012162,
0.5235487,
0.8626413,
0.6976218,
0.6194988,
0.6329526,
0.7976919,
0.9106413,
0.5129243,
0.5504563,
1,
2050, 
0.9075755,
0.913286,
0.8840175,
0.7615995,
0.9215671,
0.9037381,
0.7152467,
0.6374832,
0.4292493,
0.7789778,
0.8734167,
0.7683377,
0.8022329,
0.8109037,
0.6269991,
0.8408964,
0.8034893,
0.5290892,
0.864631,
0.7015868,
0.6242086,
0.6368888,
0.8004625,
0.9122273,
0.5180006,
0.5548873,
1,
2051, 
0.9091473,
0.9147859,
0.8856919,
0.7637562,
0.9222219,
0.9050811,
0.7181282,
0.6408945,
0.4339487,
0.7813246,
0.8750991,
0.770583,
0.804436,
0.8131451,
0.6307447,
0.8429546,
0.8054169,
0.5342683,
0.866244,
0.7047398,
0.6283605,
0.640209,
0.802917,
0.9135624,
0.5225977,
0.5589192,
1,
2052, 
0.910719,
0.9162858,
0.8873663,
0.7659128,
0.9228766,
0.906424,
0.7210096,
0.6443058,
0.4386481,
0.7836713,
0.8767813,
0.7728283,
0.806639,
0.8153865,
0.6344903,
0.8450127,
0.8073447,
0.5394473,
0.8678569,
0.7078928,
0.6325124,
0.6435292,
0.8053715,
0.9148974,
0.5271947,
0.5629511,
1,
2053, 
0.9122908,
0.9177856,
0.8890407,
0.7680694,
0.9235314,
0.9077671,
0.7238911,
0.6477171,
0.4433475,
0.786018,
0.8784637,
0.7750736,
0.8088421,
0.817628,
0.6382359,
0.8470709,
0.8092724,
0.5446264,
0.8694699,
0.7110459,
0.6366643,
0.6468494,
0.807826,
0.9162325,
0.5317919,
0.566983,
1,
2054, 
0.9138625,
0.9192855,
0.8907151,
0.7702261,
0.9241861,
0.90911,
0.7267727,
0.6511284,
0.4480469,
0.7883648,
0.880146,
0.777319,
0.8110451,
0.8198694,
0.6419815,
0.8491291,
0.8112001,
0.5498054,
0.8710828,
0.7141988,
0.6408162,
0.6501696,
0.8102805,
0.9175676,
0.536389,
0.571015,
1,
2055, 
0.9154342,
0.9207854,
0.8923895,
0.7723827,
0.9248408,
0.910453,
0.7296541,
0.6545396,
0.4527463,
0.7907115,
0.8818283,
0.7795643,
0.8132482,
0.8221108,
0.6457272,
0.8511872,
0.8131278,
0.5549845,
0.8726957,
0.7173518,
0.6449681,
0.6534898,
0.812735,
0.9189026,
0.5409861,
0.5750469,
1,
2056, 
0.917006,
0.9222853,
0.8940639,
0.7745394,
0.9254955,
0.9117959,
0.7325356,
0.6579509,
0.4574457,
0.7930583,
0.8835106,
0.7818096,
0.8154512,
0.8243523,
0.6494727,
0.8532454,
0.8150555,
0.5601636,
0.8743087,
0.7205048,
0.64912,
0.65681,
0.8151895,
0.9202378,
0.5455831,
0.5790788,
1,
2057, 
0.9185777,
0.9237852,
0.8957384,
0.7766961,
0.9261503,
0.9131389,
0.7354171,
0.6613622,
0.4621451,
0.795405,
0.885193,
0.7840549,
0.8176543,
0.8265937,
0.6532184,
0.8553036,
0.8169832,
0.5653426,
0.8759217,
0.7236578,
0.6532719,
0.6601302,
0.817644,
0.9215728,
0.5501803,
0.5831107,
1,
2058, 
0.9201494,
0.925285,
0.8974127,
0.7788528,
0.926805,
0.9144818,
0.7382986,
0.6647735,
0.4668446,
0.7977518,
0.8868753,
0.7863002,
0.8198574,
0.8288351,
0.6569639,
0.8573618,
0.8189109,
0.5705217,
0.8775346,
0.7268108,
0.6574238,
0.6634504,
0.8200985,
0.9229079,
0.5547774,
0.5871426,
1,
2059, 
0.9217212,
0.9267849,
0.8990871,
0.7810094,
0.9274597,
0.9158248,
0.7411801,
0.6681848,
0.471544,
0.8000985,
0.8885576,
0.7885455,
0.8220603,
0.8310766,
0.6607096,
0.8594199,
0.8208386,
0.5757007,
0.8791476,
0.7299638,
0.6615757,
0.6667706,
0.822553,
0.924243,
0.5593745,
0.5911745,
1,
2060, 
0.9232929,
0.9282848,
0.9007615,
0.7831661,
0.9281144,
0.9171677,
0.7440616,
0.6715961,
0.4762434,
0.8024453,
0.89024,
0.7907908,
0.8242635,
0.833318,
0.6644552,
0.8614781,
0.8227663,
0.5808797,
0.8807606,
0.7331168,
0.6657276,
0.6700908,
0.8250075,
0.9255781,
0.5639715,
0.5952065,
1,
2061, 
0.924597,
0.9295445,
0.902176,
0.7849649,
0.9286395,
0.9182755,
0.7465279,
0.6745343,
0.4806712,
0.8043948,
0.8916673,
0.7926626,
0.8262812,
0.835269,
0.6676815,
0.8632145,
0.8243866,
0.5856273,
0.882075,
0.7356632,
0.6693337,
0.6729021,
0.8271744,
0.9267082,
0.5680907,
0.598842,
1,
2062, 
0.9259012,
0.9308043,
0.9035903,
0.7867638,
0.9291645,
0.9193832,
0.7489941,
0.6774725,
0.485099,
0.8063443,
0.8930947,
0.7945344,
0.828299,
0.83722,
0.6709077,
0.8649509,
0.8260068,
0.5903749,
0.8833894,
0.7382097,
0.6729398,
0.6757134,
0.8293412,
0.9278382,
0.5722098,
0.6024777,
1,
2063, 
0.9272053,
0.9320639,
0.9050047,
0.7885627,
0.9296895,
0.920491,
0.7514604,
0.6804107,
0.4895267,
0.8082938,
0.894522,
0.7964061,
0.8303168,
0.8391711,
0.674134,
0.8666873,
0.8276271,
0.5951225,
0.8847039,
0.740756,
0.6765459,
0.6785247,
0.831508,
0.9289683,
0.576329,
0.6061133,
1,
2064, 
0.9285094,
0.9333237,
0.9064192,
0.7903615,
0.9302146,
0.9215988,
0.7539267,
0.6833489,
0.4939545,
0.8102433,
0.8959494,
0.798278,
0.8323346,
0.841122,
0.6773602,
0.8684236,
0.8292474,
0.59987,
0.8860183,
0.7433025,
0.6801519,
0.681336,
0.8336748,
0.9300984,
0.5804481,
0.6097488,
1,
2065, 
0.9298136,
0.9345834,
0.9078336,
0.7921604,
0.9307396,
0.9227065,
0.756393,
0.6862871,
0.4983823,
0.8121928,
0.8973767,
0.8001497,
0.8343524,
0.843073,
0.6805865,
0.87016,
0.8308676,
0.6046176,
0.8873328,
0.7458489,
0.683758,
0.6841474,
0.8358417,
0.9312285,
0.5845672,
0.6133845,
1,
2066, 
0.9311177,
0.9358431,
0.909248,
0.7939593,
0.9312646,
0.9238143,
0.7588593,
0.6892253,
0.5028101,
0.8141423,
0.8988041,
0.8020215,
0.8363701,
0.845024,
0.6838127,
0.8718964,
0.8324878,
0.6093652,
0.8886473,
0.7483953,
0.6873641,
0.6869587,
0.8380085,
0.9323586,
0.5886863,
0.61702,
1,
2067, 
0.9324219,
0.9371028,
0.9106624,
0.7957581,
0.9317897,
0.924922,
0.7613255,
0.6921636,
0.5072379,
0.8160918,
0.9002314,
0.8038933,
0.8383879,
0.846975,
0.687039,
0.8736328,
0.8341081,
0.6141127,
0.8899617,
0.7509418,
0.6909702,
0.68977,
0.8401753,
0.9334886,
0.5928055,
0.6206557,
1,
2068, 
0.933726,
0.9383625,
0.9120768,
0.7975569,
0.9323147,
0.9260298,
0.7637919,
0.6951017,
0.5116657,
0.8180413,
0.9016588,
0.805765,
0.8404057,
0.848926,
0.6902653,
0.8753692,
0.8357284,
0.6188604,
0.8912761,
0.7534882,
0.6945763,
0.6925814,
0.8423421,
0.9346187,
0.5969247,
0.6242912,
1,
2069, 
0.9350301,
0.9396222,
0.9134912,
0.7993558,
0.9328398,
0.9271376,
0.7662581,
0.69804,
0.5160935,
0.8199909,
0.9030861,
0.8076369,
0.8424234,
0.850877,
0.6934916,
0.8771055,
0.8373486,
0.6236079,
0.8925906,
0.7560346,
0.6981823,
0.6953927,
0.844509,
0.9357488,
0.6010438,
0.6279268,
1,
2070, 
0.9363343,
0.940882,
0.9149056,
0.8011547,
0.9333647,
0.9282453,
0.7687244,
0.7009782,
0.5205213,
0.8219404,
0.9045135,
0.8095086,
0.8444412,
0.852828,
0.6967178,
0.8788419,
0.8389689,
0.6283555,
0.893905,
0.758581,
0.7017884,
0.698204,
0.8466758,
0.9368789,
0.6051629,
0.6315625,
1,
2071, 
0.9374161,
0.9419338,
0.9161043,
0.8026798,
0.9337941,
0.9291624,
0.7708672,
0.7035171,
0.5246078,
0.8235781,
0.9057208,
0.8110893,
0.8462762,
0.8545314,
0.6994757,
0.8803188,
0.8403296,
0.6326439,
0.8949822,
0.7606614,
0.7048897,
0.700599,
0.8485836,
0.9378048,
0.6088322,
0.6348308,
1,
2072, 
0.9384979,
0.9429855,
0.9173028,
0.8042049,
0.9342235,
0.9300796,
0.7730099,
0.706056,
0.5286944,
0.8252159,
0.9069282,
0.81267,
0.8481113,
0.8562349,
0.7022337,
0.8817957,
0.8416903,
0.6369325,
0.8960593,
0.7627417,
0.7079908,
0.702994,
0.8504914,
0.9387306,
0.6125014,
0.6380992,
1,
2073, 
0.9395798,
0.9440372,
0.9185015,
0.8057301,
0.9346529,
0.9309968,
0.7751526,
0.7085948,
0.532781,
0.8268536,
0.9081355,
0.8142507,
0.8499463,
0.8579383,
0.7049916,
0.8832726,
0.843051,
0.641221,
0.8971365,
0.7648221,
0.711092,
0.705389,
0.8523992,
0.9396565,
0.6161707,
0.6413675,
1,
2074, 
0.9406616,
0.945089,
0.9197001,
0.8072553,
0.9350823,
0.9319139,
0.7772954,
0.7111337,
0.5368676,
0.8284914,
0.9093429,
0.8158314,
0.8517812,
0.8596418,
0.7077495,
0.8847495,
0.8444117,
0.6455095,
0.8982136,
0.7669024,
0.7141932,
0.7077839,
0.8543069,
0.9405824,
0.61984,
0.6446359,
1,
2075, 
0.9417434,
0.9461407,
0.9208987,
0.8087804,
0.9355117,
0.9328311,
0.7794381,
0.7136726,
0.5409541,
0.8301291,
0.9105503,
0.8174121,
0.8536162,
0.8613452,
0.7105074,
0.8862264,
0.8457724,
0.649798,
0.8992908,
0.7689827,
0.7172944,
0.7101789,
0.8562148,
0.9415082,
0.6235092,
0.6479042,
1,
2076, 
0.9428253,
0.9471925,
0.9220973,
0.8103055,
0.9359411,
0.9337482,
0.7815808,
0.7162115,
0.5450407,
0.831767,
0.9117576,
0.8189927,
0.8554513,
0.8630487,
0.7132653,
0.8877032,
0.8471332,
0.6540865,
0.9003679,
0.7710631,
0.7203956,
0.7125739,
0.8581225,
0.9424341,
0.6271784,
0.6511726,
1,
2077, 
0.9439071,
0.9482442,
0.923296,
0.8118307,
0.9363705,
0.9346654,
0.7837236,
0.7187504,
0.5491273,
0.8334047,
0.912965,
0.8205734,
0.8572863,
0.8647521,
0.7160233,
0.8891801,
0.8484939,
0.658375,
0.9014451,
0.7731434,
0.7234968,
0.7149689,
0.8600303,
0.94336,
0.6308477,
0.6544409,
1,
2078, 
0.9449889,
0.949296,
0.9244946,
0.8133558,
0.9367998,
0.9355825,
0.7858663,
0.7212893,
0.5532138,
0.8350425,
0.9141724,
0.8221542,
0.8591213,
0.8664556,
0.7187812,
0.8906571,
0.8498546,
0.6626635,
0.9025222,
0.7752237,
0.726598,
0.7173639,
0.8619381,
0.9442859,
0.634517,
0.6577092,
1,
2079, 
0.9460707,
0.9503477,
0.9256932,
0.814881,
0.9372292,
0.9364997,
0.788009,
0.7238281,
0.5573004,
0.8366802,
0.9153798,
0.8237349,
0.8609563,
0.868159,
0.7215391,
0.892134,
0.8512152,
0.666952,
0.9035994,
0.7773041,
0.7296991,
0.7197589,
0.8638459,
0.9452117,
0.6381862,
0.6609776,
1,
2080, 
0.9471526,
0.9513995,
0.9268919,
0.8164061,
0.9376586,
0.9374169,
0.7901518,
0.726367,
0.561387,
0.838318,
0.9165871,
0.8253155,
0.8627913,
0.8698624,
0.724297,
0.8936108,
0.852576,
0.6712404,
0.9046766,
0.7793844,
0.7328004,
0.7221539,
0.8657537,
0.9461376,
0.6418555,
0.664246,
1,
2081, 
0.94805,
0.9522732,
0.9279107,
0.8177063,
0.9380155,
0.9381883,
0.7920173,
0.728574,
0.5650935,
0.8397084,
0.9176066,
0.8266637,
0.8644491,
0.8713508,
0.726661,
0.8948634,
0.8537422,
0.6750733,
0.9055882,
0.7811034,
0.7354518,
0.7242077,
0.86743,
0.9468904,
0.6451074,
0.6671815,
1,
2082, 
0.9489474,
0.953147,
0.9289296,
0.8190066,
0.9383724,
0.9389598,
0.793883,
0.730781,
0.5688,
0.841099,
0.918626,
0.8280119,
0.866107,
0.8728391,
0.729025,
0.8961158,
0.8549085,
0.6789062,
0.9064999,
0.7828225,
0.7381033,
0.7262615,
0.8691064,
0.9476433,
0.6483594,
0.6701169,
1,
2083, 
0.9498448,
0.9540207,
0.9299484,
0.8203069,
0.9387293,
0.9397313,
0.7957485,
0.7329879,
0.5725064,
0.8424894,
0.9196455,
0.8293601,
0.8677649,
0.8743275,
0.731389,
0.8973684,
0.8560748,
0.682739,
0.9074116,
0.7845415,
0.7407548,
0.7283154,
0.8707827,
0.9483961,
0.6516113,
0.6730524,
1,
2084, 
0.9507421,
0.9548945,
0.9309673,
0.8216071,
0.9390862,
0.9405028,
0.7976141,
0.7351948,
0.5762129,
0.8438799,
0.9206649,
0.8307084,
0.8694228,
0.8758158,
0.733753,
0.8986209,
0.857241,
0.6865718,
0.9083233,
0.7862606,
0.7434063,
0.7303691,
0.8724591,
0.9491489,
0.6548632,
0.6759878,
1,
2085, 
0.9516395,
0.9557683,
0.9319861,
0.8229074,
0.9394431,
0.9412742,
0.7994797,
0.7374018,
0.5799195,
0.8452704,
0.9216844,
0.8320566,
0.8710806,
0.8773041,
0.736117,
0.8998734,
0.8584073,
0.6904047,
0.909235,
0.7879797,
0.7460578,
0.7324229,
0.8741354,
0.9499018,
0.6581151,
0.6789233,
1,
2086, 
0.9525369,
0.956642,
0.933005,
0.8242077,
0.9398,
0.9420457,
0.8013453,
0.7396087,
0.5836259,
0.8466609,
0.9227039,
0.8334048,
0.8727385,
0.8787925,
0.738481,
0.901126,
0.8595736,
0.6942375,
0.9101467,
0.7896987,
0.7487093,
0.7344768,
0.8758117,
0.9506546,
0.6613671,
0.6818588,
1,
2087, 
0.9534343,
0.9575158,
0.9340239,
0.8255079,
0.9401569,
0.9428172,
0.8032109,
0.7418157,
0.5873324,
0.8480513,
0.9237233,
0.834753,
0.8743964,
0.8802809,
0.7408451,
0.9023785,
0.8607398,
0.6980704,
0.9110584,
0.7914177,
0.7513608,
0.7365305,
0.8774881,
0.9514074,
0.664619,
0.6847942,
1,
2088, 
0.9543317,
0.9583895,
0.9350427,
0.8268082,
0.9405138,
0.9435886,
0.8050765,
0.7440226,
0.5910389,
0.8494418,
0.9247428,
0.8361012,
0.8760543,
0.8817692,
0.743209,
0.903631,
0.8619061,
0.7019032,
0.91197,
0.7931368,
0.7540123,
0.7385844,
0.8791644,
0.9521602,
0.6678709,
0.6877297,
1,
2089, 
0.9552291,
0.9592633,
0.9360616,
0.8281084,
0.9408707,
0.9443601,
0.806942,
0.7462295,
0.5947454,
0.8508323,
0.9257622,
0.8374494,
0.8777122,
0.8832575,
0.745573,
0.9048836,
0.8630723,
0.705736,
0.9128817,
0.7948558,
0.7566638,
0.7406382,
0.8808408,
0.9529131,
0.6711228,
0.6906651,
1,
2090, 
0.9561265,
0.9601371,
0.9370804,
0.8294086,
0.9412276,
0.9451316,
0.8088076,
0.7484365,
0.5984519,
0.8522227,
0.9267817,
0.8387976,
0.87937,
0.8847459,
0.7479371,
0.906136,
0.8642386,
0.7095689,
0.9137934,
0.7965749,
0.7593153,
0.742692,
0.8825171,
0.9536659,
0.6743748,
0.6936007,
1,
2091, 
0.956871,
0.9608599,
0.9379489,
0.8305222,
0.9415283,
0.9457829,
0.8104401,
0.7503664,
0.6017851,
0.8534148,
0.9276474,
0.8399531,
0.8808589,
0.8860488,
0.7499639,
0.9071982,
0.8652467,
0.7129694,
0.9145576,
0.7980076,
0.7615789,
0.744466,
0.8839879,
0.9542712,
0.6772485,
0.6962324,
1,
2092, 
0.9576154,
0.9615828,
0.9388174,
0.8316357,
0.941829,
0.9464341,
0.8120726,
0.7522964,
0.6051184,
0.8546069,
0.928513,
0.8411087,
0.8823478,
0.8873517,
0.7519908,
0.9082603,
0.8662547,
0.7163699,
0.9153217,
0.7994403,
0.7638424,
0.74624,
0.8854586,
0.9548765,
0.6801223,
0.6988642,
1,
2093, 
0.9583599,
0.9623057,
0.9396859,
0.8327492,
0.9421297,
0.9470854,
0.813705,
0.7542263,
0.6084516,
0.8557991,
0.9293786,
0.8422642,
0.8838366,
0.8886546,
0.7540177,
0.9093225,
0.8672627,
0.7197703,
0.9160858,
0.800873,
0.766106,
0.748014,
0.8869295,
0.9554817,
0.682996,
0.701496,
1,
2094, 
0.9591044,
0.9630286,
0.9405544,
0.8338628,
0.9424304,
0.9477367,
0.8153375,
0.7561563,
0.6117848,
0.8569912,
0.9302443,
0.8434197,
0.8853256,
0.8899575,
0.7560445,
0.9103846,
0.8682708,
0.7231708,
0.91685,
0.8023058,
0.7683696,
0.749788,
0.8884003,
0.956087,
0.6858698,
0.7041278,
1,
2095, 
0.9598488,
0.9637514,
0.9414228,
0.8349763,
0.9427311,
0.948388,
0.81697,
0.7580863,
0.6151181,
0.8581833,
0.93111,
0.8445753,
0.8868144,
0.8912604,
0.7580714,
0.9114468,
0.8692787,
0.7265713,
0.9176141,
0.8037385,
0.7706331,
0.751562,
0.889871,
0.9566923,
0.6887435,
0.7067596,
1,
2096, 
0.9605933,
0.9644743,
0.9422913,
0.8360898,
0.9430318,
0.9490393,
0.8186024,
0.7600162,
0.6184513,
0.8593754,
0.9319756,
0.8457308,
0.8883033,
0.8925633,
0.7600982,
0.9125088,
0.8702868,
0.7299718,
0.9183782,
0.8051713,
0.7728967,
0.753336,
0.8913418,
0.9572975,
0.6916173,
0.7093914,
1,
2097, 
0.9613377,
0.9651971,
0.9431598,
0.8372033,
0.9433325,
0.9496906,
0.820235,
0.7619461,
0.6217846,
0.8605675,
0.9328412,
0.8468863,
0.8897921,
0.8938662,
0.7621251,
0.913571,
0.8712948,
0.7333722,
0.9191424,
0.8066039,
0.7751603,
0.75511,
0.8928126,
0.9579028,
0.694491,
0.7120232,
1,
2098, 
0.9620822,
0.96592,
0.9440283,
0.8383168,
0.9436332,
0.9503419,
0.8218674,
0.7638761,
0.6251178,
0.8617595,
0.9337069,
0.8480419,
0.891281,
0.8951691,
0.7641519,
0.9146332,
0.8723028,
0.7367727,
0.9199065,
0.8080367,
0.7774239,
0.756884,
0.8942834,
0.9585081,
0.6973647,
0.714655,
1,
2099, 
0.9628267,
0.9666429,
0.9448968,
0.8394303,
0.9439339,
0.9509932,
0.8234999,
0.765806,
0.628451,
0.8629516,
0.9345726,
0.8491974,
0.8927699,
0.896472,
0.7661788,
0.9156953,
0.8733109,
0.7401732,
0.9206706,
0.8094694,
0.7796874,
0.758658,
0.8957542,
0.9591133,
0.7002385,
0.7172868,
1,
2100, 
0.9635711,
0.9673657,
0.9457653,
0.8405439,
0.9442346,
0.9516445,
0.8251324,
0.767736,
0.6317843,
0.8641438,
0.9354382,
0.8503529,
0.8942587,
0.8977749,
0.7682056,
0.9167574,
0.8743188,
0.7435737,
0.9214348,
0.8109021,
0.781951,
0.760432,
0.897225,
0.9597186,
0.7031122,
0.7199186,
1];
